

Version:	3.12
CmdLine:	C:\Users\Tan Chi Feng\Downloads\Event-Driven Simulation 1.exe --l4j-debug
WOW64:		yes
Working dir:	C:\Users\Tan Chi Feng\Downloads\.
Java min ver:	1.000.000
Java max ver:	
64-bit search:	SOFTWARE\JavaSoft\Java Runtime Environment...
Check:		SOFTWARE\JavaSoft\Java Runtime Environment\1.8
Check launcher:	C:\Program Files\Java\jre1.8.0_271\bin\javaw.exe (OK)
Match:		1.008.000
Check:		SOFTWARE\JavaSoft\Java Runtime Environment\1.8.0_271
Check launcher:	C:\Program Files\Java\jre1.8.0_271\bin\javaw.exe (OK)
Match:		1.008.000_271
64-bit search:	SOFTWARE\JavaSoft\Java Development Kit...
64-bit search:	SOFTWARE\JavaSoft\JRE...
64-bit search:	SOFTWARE\JavaSoft\JDK...
Check:		SOFTWARE\JavaSoft\JDK\15.0.1
Check launcher:	C:\Program Files\Java\jdk-15.0.1\bin\javaw.exe (OK)
Match:		1.015.000_001
Runtime used:	1.015.000_001 (64-bit)
Launcher:	C:\Program Files\Java\jdk-15.0.1\bin\javaw.exe
Launcher args:	-jar "C:\Users\Tan Chi Feng\Downloads\Event-Driven Simulation 1.exe"
Args length:	68/32768 chars
Exit code:	0


Version:	3.12
CmdLine:	C:\Users\Tan Chi Feng\Downloads\Event-Driven Simulation 1.exe --l4j-debug
WOW64:		yes
Working dir:	C:\Users\Tan Chi Feng\Downloads\.
Java min ver:	1.000.000
Java max ver:	
64-bit search:	SOFTWARE\JavaSoft\Java Runtime Environment...
Check:		SOFTWARE\JavaSoft\Java Runtime Environment\1.8
Check launcher:	C:\Program Files\Java\jre1.8.0_271\bin\javaw.exe (OK)
Match:		1.008.000
Check:		SOFTWARE\JavaSoft\Java Runtime Environment\1.8.0_271
Check launcher:	C:\Program Files\Java\jre1.8.0_271\bin\javaw.exe (OK)
Match:		1.008.000_271
64-bit search:	SOFTWARE\JavaSoft\Java Development Kit...
64-bit search:	SOFTWARE\JavaSoft\JRE...
64-bit search:	SOFTWARE\JavaSoft\JDK...
Check:		SOFTWARE\JavaSoft\JDK\15.0.1
Check launcher:	C:\Program Files\Java\jdk-15.0.1\bin\javaw.exe (OK)
Match:		1.015.000_001
Runtime used:	1.015.000_001 (64-bit)
Launcher:	C:\Program Files\Java\jdk-15.0.1\bin\javaw.exe
Launcher args:	-jar "C:\Users\Tan Chi Feng\Downloads\Event-Driven Simulation 1.exe"
Args length:	68/32768 chars
Exit code:	0


Version:	3.12
CmdLine:	C:\Users\Tan Chi Feng\Downloads\Event-Driven Simulation 1.exe --l4j-debug
WOW64:		yes
Working dir:	C:\Users\Tan Chi Feng\Downloads\.
Java min ver:	1.000.000
Java max ver:	
64-bit search:	SOFTWARE\JavaSoft\Java Runtime Environment...
Check:		SOFTWARE\JavaSoft\Java Runtime Environment\1.8
Check launcher:	C:\Program Files\Java\jre1.8.0_271\bin\javaw.exe (OK)
Match:		1.008.000
Check:		SOFTWARE\JavaSoft\Java Runtime Environment\1.8.0_271
Check launcher:	C:\Program Files\Java\jre1.8.0_271\bin\javaw.exe (OK)
Match:		1.008.000_271
64-bit search:	SOFTWARE\JavaSoft\Java Development Kit...
64-bit search:	SOFTWARE\JavaSoft\JRE...
64-bit search:	SOFTWARE\JavaSoft\JDK...
Check:		SOFTWARE\JavaSoft\JDK\15.0.1
Check launcher:	C:\Program Files\Java\jdk-15.0.1\bin\javaw.exe (OK)
Match:		1.015.000_001
Runtime used:	1.015.000_001 (64-bit)
Launcher:	C:\Program Files\Java\jdk-15.0.1\bin\javaw.exe
Launcher args:	-jar "C:\Users\Tan Chi Feng\Downloads\Event-Driven Simulation 1.exe"
Args length:	68/32768 chars
Exit code:	0


Version:	3.12
CmdLine:	C:\Users\Tan Chi Feng\Downloads\Event-Driven Simulation 1.exe --l4j-debug
WOW64:		yes
Working dir:	C:\Users\Tan Chi Feng\Downloads\.
Java min ver:	1.000.000
Java max ver:	
64-bit search:	SOFTWARE\JavaSoft\Java Runtime Environment...
Check:		SOFTWARE\JavaSoft\Java Runtime Environment\1.8
Check launcher:	C:\Program Files\Java\jre1.8.0_271\bin\javaw.exe (OK)
Match:		1.008.000
Check:		SOFTWARE\JavaSoft\Java Runtime Environment\1.8.0_271
Check launcher:	C:\Program Files\Java\jre1.8.0_271\bin\javaw.exe (OK)
Match:		1.008.000_271
64-bit search:	SOFTWARE\JavaSoft\Java Development Kit...
64-bit search:	SOFTWARE\JavaSoft\JRE...
64-bit search:	SOFTWARE\JavaSoft\JDK...
Check:		SOFTWARE\JavaSoft\JDK\15.0.1
Check launcher:	C:\Program Files\Java\jdk-15.0.1\bin\javaw.exe (OK)
Match:		1.015.000_001
Runtime used:	1.015.000_001 (64-bit)
Launcher:	C:\Program Files\Java\jdk-15.0.1\bin\javaw.exe
Launcher args:	-jar "C:\Users\Tan Chi Feng\Downloads\Event-Driven Simulation 1.exe"
Args length:	68/32768 chars
Exit code:	0


Version:	3.12
CmdLine:	C:\Users\Tan Chi Feng\Downloads\Event-Driven Simulation 1.exe --l4j-debug
WOW64:		yes
Working dir:	C:\Users\Tan Chi Feng\Downloads\.
Java min ver:	1.000.000
Java max ver:	
64-bit search:	SOFTWARE\JavaSoft\Java Runtime Environment...
Check:		SOFTWARE\JavaSoft\Java Runtime Environment\1.8
Check launcher:	C:\Program Files\Java\jre1.8.0_271\bin\javaw.exe (OK)
Match:		1.008.000
Check:		SOFTWARE\JavaSoft\Java Runtime Environment\1.8.0_271
Check launcher:	C:\Program Files\Java\jre1.8.0_271\bin\javaw.exe (OK)
Match:		1.008.000_271
64-bit search:	SOFTWARE\JavaSoft\Java Development Kit...
64-bit search:	SOFTWARE\JavaSoft\JRE...
64-bit search:	SOFTWARE\JavaSoft\JDK...
Check:		SOFTWARE\JavaSoft\JDK\15.0.1
Check launcher:	C:\Program Files\Java\jdk-15.0.1\bin\javaw.exe (OK)
Match:		1.015.000_001
Runtime used:	1.015.000_001 (64-bit)
Launcher:	C:\Program Files\Java\jdk-15.0.1\bin\javaw.exe
Launcher args:	-jar "C:\Users\Tan Chi Feng\Downloads\Event-Driven Simulation 1.exe"
Args length:	68/32768 chars
Exit code:	0


Version:	3.12
CmdLine:	C:\Users\Tan Chi Feng\Downloads\Event-Driven Simulation 1.exe --l4j-debug
WOW64:		yes
Working dir:	C:\Users\Tan Chi Feng\Downloads\.
Java min ver:	1.000.000
Java max ver:	
64-bit search:	SOFTWARE\JavaSoft\Java Runtime Environment...
Check:		SOFTWARE\JavaSoft\Java Runtime Environment\1.8
Check launcher:	C:\Program Files\Java\jre1.8.0_271\bin\javaw.exe (OK)
Match:		1.008.000
Check:		SOFTWARE\JavaSoft\Java Runtime Environment\1.8.0_271
Check launcher:	C:\Program Files\Java\jre1.8.0_271\bin\javaw.exe (OK)
Match:		1.008.000_271
64-bit search:	SOFTWARE\JavaSoft\Java Development Kit...
64-bit search:	SOFTWARE\JavaSoft\JRE...
64-bit search:	SOFTWARE\JavaSoft\JDK...
Check:		SOFTWARE\JavaSoft\JDK\15.0.1
Check launcher:	C:\Program Files\Java\jdk-15.0.1\bin\javaw.exe (OK)
Match:		1.015.000_001
Runtime used:	1.015.000_001 (64-bit)
Launcher:	C:\Program Files\Java\jdk-15.0.1\bin\javaw.exe
Launcher args:	-jar "C:\Users\Tan Chi Feng\Downloads\Event-Driven Simulation 1.exe"
Args length:	68/32768 chars
Exit code:	0


Version:	3.12
CmdLine:	C:\Users\Tan Chi Feng\Downloads\Event-Driven Simulation 1.exe --l4j-debug
WOW64:		yes
Working dir:	C:\Users\Tan Chi Feng\Downloads\.
Java min ver:	1.000.000
Java max ver:	
64-bit search:	SOFTWARE\JavaSoft\Java Runtime Environment...
Check:		SOFTWARE\JavaSoft\Java Runtime Environment\1.8
Check launcher:	C:\Program Files\Java\jre1.8.0_271\bin\javaw.exe (OK)
Match:		1.008.000
Check:		SOFTWARE\JavaSoft\Java Runtime Environment\1.8.0_271
Check launcher:	C:\Program Files\Java\jre1.8.0_271\bin\javaw.exe (OK)
Match:		1.008.000_271
64-bit search:	SOFTWARE\JavaSoft\Java Development Kit...
64-bit search:	SOFTWARE\JavaSoft\JRE...
64-bit search:	SOFTWARE\JavaSoft\JDK...
Check:		SOFTWARE\JavaSoft\JDK\15.0.1
Check launcher:	C:\Program Files\Java\jdk-15.0.1\bin\javaw.exe (OK)
Match:		1.015.000_001
Runtime used:	1.015.000_001 (64-bit)
Launcher:	C:\Program Files\Java\jdk-15.0.1\bin\javaw.exe
Launcher args:	-jar "C:\Users\Tan Chi Feng\Downloads\Event-Driven Simulation 1.exe"
Args length:	68/32768 chars
Exit code:	0


Version:	3.12
CmdLine:	C:\Users\Tan Chi Feng\Downloads\Event-Driven Simulation 1.exe --l4j-debug
WOW64:		yes
Working dir:	C:\Users\Tan Chi Feng\Downloads\.
Java min ver:	1.000.000
Java max ver:	
64-bit search:	SOFTWARE\JavaSoft\Java Runtime Environment...
Check:		SOFTWARE\JavaSoft\Java Runtime Environment\1.8
Check launcher:	C:\Program Files\Java\jre1.8.0_271\bin\javaw.exe (OK)
Match:		1.008.000
Check:		SOFTWARE\JavaSoft\Java Runtime Environment\1.8.0_271
Check launcher:	C:\Program Files\Java\jre1.8.0_271\bin\javaw.exe (OK)
Match:		1.008.000_271
64-bit search:	SOFTWARE\JavaSoft\Java Development Kit...
64-bit search:	SOFTWARE\JavaSoft\JRE...
64-bit search:	SOFTWARE\JavaSoft\JDK...
Check:		SOFTWARE\JavaSoft\JDK\15.0.1
Check launcher:	C:\Program Files\Java\jdk-15.0.1\bin\javaw.exe (OK)
Match:		1.015.000_001
Runtime used:	1.015.000_001 (64-bit)
Launcher:	C:\Program Files\Java\jdk-15.0.1\bin\javaw.exe
Launcher args:	-jar "C:\Users\Tan Chi Feng\Downloads\Event-Driven Simulation 1.exe"
Args length:	68/32768 chars
Exit code:	0


Version:	3.12
CmdLine:	C:\Users\Tan Chi Feng\Downloads\Event-Driven Simulation 1.exe --l4j-debug
WOW64:		yes
Working dir:	C:\Users\Tan Chi Feng\Downloads\.
Java min ver:	1.000.000
Java max ver:	
64-bit search:	SOFTWARE\JavaSoft\Java Runtime Environment...
Check:		SOFTWARE\JavaSoft\Java Runtime Environment\1.8
Check launcher:	C:\Program Files\Java\jre1.8.0_271\bin\javaw.exe (OK)
Match:		1.008.000
Check:		SOFTWARE\JavaSoft\Java Runtime Environment\1.8.0_271
Check launcher:	C:\Program Files\Java\jre1.8.0_271\bin\javaw.exe (OK)
Match:		1.008.000_271
64-bit search:	SOFTWARE\JavaSoft\Java Development Kit...
64-bit search:	SOFTWARE\JavaSoft\JRE...
64-bit search:	SOFTWARE\JavaSoft\JDK...
Check:		SOFTWARE\JavaSoft\JDK\15.0.1
Check launcher:	C:\Program Files\Java\jdk-15.0.1\bin\javaw.exe (OK)
Match:		1.015.000_001
Runtime used:	1.015.000_001 (64-bit)
Launcher:	C:\Program Files\Java\jdk-15.0.1\bin\javaw.exe
Launcher args:	-jar "C:\Users\Tan Chi Feng\Downloads\Event-Driven Simulation 1.exe"
Args length:	68/32768 chars
Exit code:	0


Version:	3.12
CmdLine:	C:\Users\Tan Chi Feng\Downloads\Event-Driven Simulation 1.exe --l4j-debug
WOW64:		yes
Working dir:	C:\Users\Tan Chi Feng\Downloads\.
Java min ver:	1.000.000
Java max ver:	
64-bit search:	SOFTWARE\JavaSoft\Java Runtime Environment...
Check:		SOFTWARE\JavaSoft\Java Runtime Environment\1.8
Check launcher:	C:\Program Files\Java\jre1.8.0_271\bin\javaw.exe (OK)
Match:		1.008.000
Check:		SOFTWARE\JavaSoft\Java Runtime Environment\1.8.0_271
Check launcher:	C:\Program Files\Java\jre1.8.0_271\bin\javaw.exe (OK)
Match:		1.008.000_271
64-bit search:	SOFTWARE\JavaSoft\Java Development Kit...
64-bit search:	SOFTWARE\JavaSoft\JRE...
64-bit search:	SOFTWARE\JavaSoft\JDK...
Check:		SOFTWARE\JavaSoft\JDK\15.0.1
Check launcher:	C:\Program Files\Java\jdk-15.0.1\bin\javaw.exe (OK)
Match:		1.015.000_001
Runtime used:	1.015.000_001 (64-bit)
Launcher:	C:\Program Files\Java\jdk-15.0.1\bin\javaw.exe
Launcher args:	-jar "C:\Users\Tan Chi Feng\Downloads\Event-Driven Simulation 1.exe"
Args length:	68/32768 chars
Exit code:	0


Version:	3.12
CmdLine:	C:\Users\Tan Chi Feng\Downloads\Event-Driven Simulation 1.exe --l4j-debug
WOW64:		yes
Working dir:	C:\Users\Tan Chi Feng\Downloads\.
Java min ver:	1.000.000
Java max ver:	
64-bit search:	SOFTWARE\JavaSoft\Java Runtime Environment...
Check:		SOFTWARE\JavaSoft\Java Runtime Environment\1.8
Check launcher:	C:\Program Files\Java\jre1.8.0_271\bin\javaw.exe (OK)
Match:		1.008.000
Check:		SOFTWARE\JavaSoft\Java Runtime Environment\1.8.0_271
Check launcher:	C:\Program Files\Java\jre1.8.0_271\bin\javaw.exe (OK)
Match:		1.008.000_271
64-bit search:	SOFTWARE\JavaSoft\Java Development Kit...
64-bit search:	SOFTWARE\JavaSoft\JRE...
64-bit search:	SOFTWARE\JavaSoft\JDK...
Check:		SOFTWARE\JavaSoft\JDK\15.0.1
Check launcher:	C:\Program Files\Java\jdk-15.0.1\bin\javaw.exe (OK)
Match:		1.015.000_001
Runtime used:	1.015.000_001 (64-bit)
Launcher:	C:\Program Files\Java\jdk-15.0.1\bin\javaw.exe
Launcher args:	-jar "C:\Users\Tan Chi Feng\Downloads\Event-Driven Simulation 1.exe"
Args length:	68/32768 chars
Exit code:	0


Version:	3.12
CmdLine:	C:\Users\Tan Chi Feng\Downloads\Event-Driven Simulation 1.exe --l4j-debug
WOW64:		yes
Working dir:	C:\Users\Tan Chi Feng\Downloads\.
Java min ver:	1.000.000
Java max ver:	
64-bit search:	SOFTWARE\JavaSoft\Java Runtime Environment...
Check:		SOFTWARE\JavaSoft\Java Runtime Environment\1.8
Check launcher:	C:\Program Files\Java\jre1.8.0_271\bin\javaw.exe (OK)
Match:		1.008.000
Check:		SOFTWARE\JavaSoft\Java Runtime Environment\1.8.0_271
Check launcher:	C:\Program Files\Java\jre1.8.0_271\bin\javaw.exe (OK)
Match:		1.008.000_271
64-bit search:	SOFTWARE\JavaSoft\Java Development Kit...
64-bit search:	SOFTWARE\JavaSoft\JRE...
64-bit search:	SOFTWARE\JavaSoft\JDK...
Check:		SOFTWARE\JavaSoft\JDK\15.0.1
Check launcher:	C:\Program Files\Java\jdk-15.0.1\bin\javaw.exe (OK)
Match:		1.015.000_001
Runtime used:	1.015.000_001 (64-bit)
Launcher:	C:\Program Files\Java\jdk-15.0.1\bin\javaw.exe
Launcher args:	-jar "C:\Users\Tan Chi Feng\Downloads\Event-Driven Simulation 1.exe"
Args length:	68/32768 chars
Exit code:	0


Version:	3.12
CmdLine:	C:\Users\Tan Chi Feng\Downloads\Event-Driven Simulation 1.exe --l4j-debug
WOW64:		yes
Working dir:	C:\Users\Tan Chi Feng\Downloads\.
Java min ver:	1.000.000
Java max ver:	
64-bit search:	SOFTWARE\JavaSoft\Java Runtime Environment...
Check:		SOFTWARE\JavaSoft\Java Runtime Environment\1.8
Check launcher:	C:\Program Files\Java\jre1.8.0_271\bin\javaw.exe (OK)
Match:		1.008.000
Check:		SOFTWARE\JavaSoft\Java Runtime Environment\1.8.0_271
Check launcher:	C:\Program Files\Java\jre1.8.0_271\bin\javaw.exe (OK)
Match:		1.008.000_271
64-bit search:	SOFTWARE\JavaSoft\Java Development Kit...
64-bit search:	SOFTWARE\JavaSoft\JRE...
64-bit search:	SOFTWARE\JavaSoft\JDK...
Check:		SOFTWARE\JavaSoft\JDK\15.0.1
Check launcher:	C:\Program Files\Java\jdk-15.0.1\bin\javaw.exe (OK)
Match:		1.015.000_001
Runtime used:	1.015.000_001 (64-bit)
Launcher:	C:\Program Files\Java\jdk-15.0.1\bin\javaw.exe
Launcher args:	-jar "C:\Users\Tan Chi Feng\Downloads\Event-Driven Simulation 1.exe"
Args length:	68/32768 chars
Exit code:	0


Version:	3.12
CmdLine:	C:\Users\Tan Chi Feng\Downloads\Event-Driven Simulation 1.exe --l4j-debug
WOW64:		yes
Working dir:	C:\Users\Tan Chi Feng\Downloads\.
Java min ver:	1.000.000
Java max ver:	
64-bit search:	SOFTWARE\JavaSoft\Java Runtime Environment...
Check:		SOFTWARE\JavaSoft\Java Runtime Environment\1.8
Check launcher:	C:\Program Files\Java\jre1.8.0_271\bin\javaw.exe (OK)
Match:		1.008.000
Check:		SOFTWARE\JavaSoft\Java Runtime Environment\1.8.0_271
Check launcher:	C:\Program Files\Java\jre1.8.0_271\bin\javaw.exe (OK)
Match:		1.008.000_271
64-bit search:	SOFTWARE\JavaSoft\Java Development Kit...
64-bit search:	SOFTWARE\JavaSoft\JRE...
64-bit search:	SOFTWARE\JavaSoft\JDK...
Check:		SOFTWARE\JavaSoft\JDK\15.0.1
Check launcher:	C:\Program Files\Java\jdk-15.0.1\bin\javaw.exe (OK)
Match:		1.015.000_001
Runtime used:	1.015.000_001 (64-bit)
Launcher:	C:\Program Files\Java\jdk-15.0.1\bin\javaw.exe
Launcher args:	-jar "C:\Users\Tan Chi Feng\Downloads\Event-Driven Simulation 1.exe"
Args length:	68/32768 chars
Exit code:	0


Version:	3.12
CmdLine:	C:\Users\Tan Chi Feng\Downloads\Event-Driven Simulation 1.exe --l4j-debug
WOW64:		yes
Working dir:	C:\Users\Tan Chi Feng\Downloads\.
Java min ver:	1.000.000
Java max ver:	
64-bit search:	SOFTWARE\JavaSoft\Java Runtime Environment...
Check:		SOFTWARE\JavaSoft\Java Runtime Environment\1.8
Check launcher:	C:\Program Files\Java\jre1.8.0_271\bin\javaw.exe (OK)
Match:		1.008.000
Check:		SOFTWARE\JavaSoft\Java Runtime Environment\1.8.0_271
Check launcher:	C:\Program Files\Java\jre1.8.0_271\bin\javaw.exe (OK)
Match:		1.008.000_271
64-bit search:	SOFTWARE\JavaSoft\Java Development Kit...
64-bit search:	SOFTWARE\JavaSoft\JRE...
64-bit search:	SOFTWARE\JavaSoft\JDK...
Check:		SOFTWARE\JavaSoft\JDK\15.0.1
Check launcher:	C:\Program Files\Java\jdk-15.0.1\bin\javaw.exe (OK)
Match:		1.015.000_001
Runtime used:	1.015.000_001 (64-bit)
Launcher:	C:\Program Files\Java\jdk-15.0.1\bin\javaw.exe
Launcher args:	-jar "C:\Users\Tan Chi Feng\Downloads\Event-Driven Simulation 1.exe"
Args length:	68/32768 chars
Exit code:	0


Version:	3.12
CmdLine:	C:\Users\Tan Chi Feng\Downloads\Event-Driven Simulation 1.exe --l4j-debug
WOW64:		yes
Working dir:	C:\Users\Tan Chi Feng\Downloads\.
Java min ver:	1.000.000
Java max ver:	
64-bit search:	SOFTWARE\JavaSoft\Java Runtime Environment...
Check:		SOFTWARE\JavaSoft\Java Runtime Environment\1.8
Check launcher:	C:\Program Files\Java\jre1.8.0_271\bin\javaw.exe (OK)
Match:		1.008.000
Check:		SOFTWARE\JavaSoft\Java Runtime Environment\1.8.0_271
Check launcher:	C:\Program Files\Java\jre1.8.0_271\bin\javaw.exe (OK)
Match:		1.008.000_271
64-bit search:	SOFTWARE\JavaSoft\Java Development Kit...
64-bit search:	SOFTWARE\JavaSoft\JRE...
64-bit search:	SOFTWARE\JavaSoft\JDK...
Check:		SOFTWARE\JavaSoft\JDK\15.0.1
Check launcher:	C:\Program Files\Java\jdk-15.0.1\bin\javaw.exe (OK)
Match:		1.015.000_001
Runtime used:	1.015.000_001 (64-bit)
Launcher:	C:\Program Files\Java\jdk-15.0.1\bin\javaw.exe
Launcher args:	-jar "C:\Users\Tan Chi Feng\Downloads\Event-Driven Simulation 1.exe"
Args length:	68/32768 chars
Exit code:	0


Version:	3.12
CmdLine:	C:\Users\Tan Chi Feng\Downloads\Event-Driven Simulation 1.exe --l4j-debug
WOW64:		yes
Working dir:	C:\Users\Tan Chi Feng\Downloads\.
Java min ver:	1.000.000
Java max ver:	
64-bit search:	SOFTWARE\JavaSoft\Java Runtime Environment...
Check:		SOFTWARE\JavaSoft\Java Runtime Environment\1.8
Check launcher:	C:\Program Files\Java\jre1.8.0_271\bin\javaw.exe (OK)
Match:		1.008.000
Check:		SOFTWARE\JavaSoft\Java Runtime Environment\1.8.0_271
Check launcher:	C:\Program Files\Java\jre1.8.0_271\bin\javaw.exe (OK)
Match:		1.008.000_271
64-bit search:	SOFTWARE\JavaSoft\Java Development Kit...
64-bit search:	SOFTWARE\JavaSoft\JRE...
64-bit search:	SOFTWARE\JavaSoft\JDK...
Check:		SOFTWARE\JavaSoft\JDK\15.0.1
Check launcher:	C:\Program Files\Java\jdk-15.0.1\bin\javaw.exe (OK)
Match:		1.015.000_001
Runtime used:	1.015.000_001 (64-bit)
Launcher:	C:\Program Files\Java\jdk-15.0.1\bin\javaw.exe
Launcher args:	-jar "C:\Users\Tan Chi Feng\Downloads\Event-Driven Simulation 1.exe"
Args length:	68/32768 chars
Exit code:	0


Version:	3.12
CmdLine:	C:\Users\Tan Chi Feng\Downloads\Event-Driven Simulation 1.exe --l4j-debug
WOW64:		yes
Working dir:	C:\Users\Tan Chi Feng\Downloads\.
Java min ver:	1.000.000
Java max ver:	
64-bit search:	SOFTWARE\JavaSoft\Java Runtime Environment...
Check:		SOFTWARE\JavaSoft\Java Runtime Environment\1.8
Check launcher:	C:\Program Files\Java\jre1.8.0_271\bin\javaw.exe (OK)
Match:		1.008.000
Check:		SOFTWARE\JavaSoft\Java Runtime Environment\1.8.0_271
Check launcher:	C:\Program Files\Java\jre1.8.0_271\bin\javaw.exe (OK)
Match:		1.008.000_271
64-bit search:	SOFTWARE\JavaSoft\Java Development Kit...
64-bit search:	SOFTWARE\JavaSoft\JRE...
64-bit search:	SOFTWARE\JavaSoft\JDK...
Check:		SOFTWARE\JavaSoft\JDK\15.0.1
Check launcher:	C:\Program Files\Java\jdk-15.0.1\bin\javaw.exe (OK)
Match:		1.015.000_001
Runtime used:	1.015.000_001 (64-bit)
Launcher:	C:\Program Files\Java\jdk-15.0.1\bin\javaw.exe
Launcher args:	-jar "C:\Users\Tan Chi Feng\Downloads\Event-Driven Simulation 1.exe"
Args length:	68/32768 chars
Exit code:	0


Version:	3.12
CmdLine:	C:\Users\Tan Chi Feng\Downloads\Event-Driven Simulation 1.exe --l4j-debug
WOW64:		yes
Working dir:	C:\Users\Tan Chi Feng\Downloads\.
Java min ver:	1.000.000
Java max ver:	
64-bit search:	SOFTWARE\JavaSoft\Java Runtime Environment...
Check:		SOFTWARE\JavaSoft\Java Runtime Environment\1.8
Check launcher:	C:\Program Files\Java\jre1.8.0_271\bin\javaw.exe (OK)
Match:		1.008.000
Check:		SOFTWARE\JavaSoft\Java Runtime Environment\1.8.0_271
Check launcher:	C:\Program Files\Java\jre1.8.0_271\bin\javaw.exe (OK)
Match:		1.008.000_271
64-bit search:	SOFTWARE\JavaSoft\Java Development Kit...
64-bit search:	SOFTWARE\JavaSoft\JRE...
64-bit search:	SOFTWARE\JavaSoft\JDK...
Check:		SOFTWARE\JavaSoft\JDK\15.0.1
Check launcher:	C:\Program Files\Java\jdk-15.0.1\bin\javaw.exe (OK)
Match:		1.015.000_001
Runtime used:	1.015.000_001 (64-bit)
Launcher:	C:\Program Files\Java\jdk-15.0.1\bin\javaw.exe
Launcher args:	-jar "C:\Users\Tan Chi Feng\Downloads\Event-Driven Simulation 1.exe"
Args length:	68/32768 chars
Exit code:	0


Version:	3.12
CmdLine:	C:\Users\Tan Chi Feng\Downloads\Event-Driven Simulation 1.exe --l4j-debug
WOW64:		yes
Working dir:	C:\Users\Tan Chi Feng\Downloads\.
Java min ver:	1.000.000
Java max ver:	
64-bit search:	SOFTWARE\JavaSoft\Java Runtime Environment...
Check:		SOFTWARE\JavaSoft\Java Runtime Environment\1.8
Check launcher:	C:\Program Files\Java\jre1.8.0_271\bin\javaw.exe (OK)
Match:		1.008.000
Check:		SOFTWARE\JavaSoft\Java Runtime Environment\1.8.0_271
Check launcher:	C:\Program Files\Java\jre1.8.0_271\bin\javaw.exe (OK)
Match:		1.008.000_271
64-bit search:	SOFTWARE\JavaSoft\Java Development Kit...
64-bit search:	SOFTWARE\JavaSoft\JRE...
64-bit search:	SOFTWARE\JavaSoft\JDK...
Check:		SOFTWARE\JavaSoft\JDK\15.0.1
Check launcher:	C:\Program Files\Java\jdk-15.0.1\bin\javaw.exe (OK)
Match:		1.015.000_001
Runtime used:	1.015.000_001 (64-bit)
Launcher:	C:\Program Files\Java\jdk-15.0.1\bin\javaw.exe
Launcher args:	-jar "C:\Users\Tan Chi Feng\Downloads\Event-Driven Simulation 1.exe"
Args length:	68/32768 chars
Exit code:	0


Version:	3.12
CmdLine:	C:\Users\Tan Chi Feng\Downloads\Event-Driven Simulation 1.exe --l4j-debug
WOW64:		yes
Working dir:	C:\Users\Tan Chi Feng\Downloads\.
Java min ver:	1.000.000
Java max ver:	
64-bit search:	SOFTWARE\JavaSoft\Java Runtime Environment...
Check:		SOFTWARE\JavaSoft\Java Runtime Environment\1.8
Check launcher:	C:\Program Files\Java\jre1.8.0_271\bin\javaw.exe (OK)
Match:		1.008.000
Check:		SOFTWARE\JavaSoft\Java Runtime Environment\1.8.0_271
Check launcher:	C:\Program Files\Java\jre1.8.0_271\bin\javaw.exe (OK)
Match:		1.008.000_271
64-bit search:	SOFTWARE\JavaSoft\Java Development Kit...
64-bit search:	SOFTWARE\JavaSoft\JRE...
64-bit search:	SOFTWARE\JavaSoft\JDK...
Check:		SOFTWARE\JavaSoft\JDK\15.0.1
Check launcher:	C:\Program Files\Java\jdk-15.0.1\bin\javaw.exe (OK)
Match:		1.015.000_001
Runtime used:	1.015.000_001 (64-bit)
Launcher:	C:\Program Files\Java\jdk-15.0.1\bin\javaw.exe
Launcher args:	-jar "C:\Users\Tan Chi Feng\Downloads\Event-Driven Simulation 1.exe"
Args length:	68/32768 chars
Exit code:	0


Version:	3.12
CmdLine:	C:\Users\Tan Chi Feng\Downloads\Event-Driven Simulation 1.exe --l4j-debug
WOW64:		yes
Working dir:	C:\Users\Tan Chi Feng\Downloads\.
Java min ver:	1.000.000
Java max ver:	
64-bit search:	SOFTWARE\JavaSoft\Java Runtime Environment...
Check:		SOFTWARE\JavaSoft\Java Runtime Environment\1.8
Check launcher:	C:\Program Files\Java\jre1.8.0_271\bin\javaw.exe (OK)
Match:		1.008.000
Check:		SOFTWARE\JavaSoft\Java Runtime Environment\1.8.0_271
Check launcher:	C:\Program Files\Java\jre1.8.0_271\bin\javaw.exe (OK)
Match:		1.008.000_271
64-bit search:	SOFTWARE\JavaSoft\Java Development Kit...
64-bit search:	SOFTWARE\JavaSoft\JRE...
64-bit search:	SOFTWARE\JavaSoft\JDK...
Check:		SOFTWARE\JavaSoft\JDK\15.0.1
Check launcher:	C:\Program Files\Java\jdk-15.0.1\bin\javaw.exe (OK)
Match:		1.015.000_001
Runtime used:	1.015.000_001 (64-bit)
Launcher:	C:\Program Files\Java\jdk-15.0.1\bin\javaw.exe
Launcher args:	-jar "C:\Users\Tan Chi Feng\Downloads\Event-Driven Simulation 1.exe"
Args length:	68/32768 chars
Exit code:	0


Version:	3.12
CmdLine:	C:\Users\Tan Chi Feng\Downloads\Event-Driven Simulation 1.exe --l4j-debug
WOW64:		yes
Working dir:	C:\Users\Tan Chi Feng\Downloads\.
Java min ver:	1.000.000
Java max ver:	
64-bit search:	SOFTWARE\JavaSoft\Java Runtime Environment...
Check:		SOFTWARE\JavaSoft\Java Runtime Environment\1.8
Check launcher:	C:\Program Files\Java\jre1.8.0_271\bin\javaw.exe (OK)
Match:		1.008.000
Check:		SOFTWARE\JavaSoft\Java Runtime Environment\1.8.0_271
Check launcher:	C:\Program Files\Java\jre1.8.0_271\bin\javaw.exe (OK)
Match:		1.008.000_271
64-bit search:	SOFTWARE\JavaSoft\Java Development Kit...
64-bit search:	SOFTWARE\JavaSoft\JRE...
64-bit search:	SOFTWARE\JavaSoft\JDK...
Check:		SOFTWARE\JavaSoft\JDK\15.0.1
Check launcher:	C:\Program Files\Java\jdk-15.0.1\bin\javaw.exe (OK)
Match:		1.015.000_001
Runtime used:	1.015.000_001 (64-bit)
Launcher:	C:\Program Files\Java\jdk-15.0.1\bin\javaw.exe
Launcher args:	-jar "C:\Users\Tan Chi Feng\Downloads\Event-Driven Simulation 1.exe"
Args length:	68/32768 chars
Exit code:	0


Version:	3.12
CmdLine:	C:\Users\Tan Chi Feng\Downloads\Event-Driven Simulation 1.exe --l4j-debug
WOW64:		yes
Working dir:	C:\Users\Tan Chi Feng\Downloads\.
Java min ver:	1.000.000
Java max ver:	
64-bit search:	SOFTWARE\JavaSoft\Java Runtime Environment...
Check:		SOFTWARE\JavaSoft\Java Runtime Environment\1.8
Check launcher:	C:\Program Files\Java\jre1.8.0_271\bin\javaw.exe (OK)
Match:		1.008.000
Check:		SOFTWARE\JavaSoft\Java Runtime Environment\1.8.0_271
Check launcher:	C:\Program Files\Java\jre1.8.0_271\bin\javaw.exe (OK)
Match:		1.008.000_271
64-bit search:	SOFTWARE\JavaSoft\Java Development Kit...
64-bit search:	SOFTWARE\JavaSoft\JRE...
64-bit search:	SOFTWARE\JavaSoft\JDK...
Check:		SOFTWARE\JavaSoft\JDK\15.0.1
Check launcher:	C:\Program Files\Java\jdk-15.0.1\bin\javaw.exe (OK)
Match:		1.015.000_001
Runtime used:	1.015.000_001 (64-bit)
Launcher:	C:\Program Files\Java\jdk-15.0.1\bin\javaw.exe
Launcher args:	-jar "C:\Users\Tan Chi Feng\Downloads\Event-Driven Simulation 1.exe"
Args length:	68/32768 chars
Exit code:	0


Version:	3.12
CmdLine:	C:\Users\Tan Chi Feng\Downloads\Event-Driven Simulation 1.exe --l4j-debug
WOW64:		yes
Working dir:	C:\Users\Tan Chi Feng\Downloads\.
Java min ver:	1.000.000
Java max ver:	
64-bit search:	SOFTWARE\JavaSoft\Java Runtime Environment...
Check:		SOFTWARE\JavaSoft\Java Runtime Environment\1.8
Check launcher:	C:\Program Files\Java\jre1.8.0_271\bin\javaw.exe (OK)
Match:		1.008.000
Check:		SOFTWARE\JavaSoft\Java Runtime Environment\1.8.0_271
Check launcher:	C:\Program Files\Java\jre1.8.0_271\bin\javaw.exe (OK)
Match:		1.008.000_271
64-bit search:	SOFTWARE\JavaSoft\Java Development Kit...
64-bit search:	SOFTWARE\JavaSoft\JRE...
64-bit search:	SOFTWARE\JavaSoft\JDK...
Check:		SOFTWARE\JavaSoft\JDK\15.0.1
Check launcher:	C:\Program Files\Java\jdk-15.0.1\bin\javaw.exe (OK)
Match:		1.015.000_001
Runtime used:	1.015.000_001 (64-bit)
Launcher:	C:\Program Files\Java\jdk-15.0.1\bin\javaw.exe
Launcher args:	-jar "C:\Users\Tan Chi Feng\Downloads\Event-Driven Simulation 1.exe"
Args length:	68/32768 chars
Exit code:	0


Version:	3.12
CmdLine:	C:\Users\Tan Chi Feng\Downloads\Event-Driven Simulation 1.exe --l4j-debug
WOW64:		yes
Working dir:	C:\Users\Tan Chi Feng\Downloads\.
Java min ver:	1.000.000
Java max ver:	
64-bit search:	SOFTWARE\JavaSoft\Java Runtime Environment...
Check:		SOFTWARE\JavaSoft\Java Runtime Environment\1.8
Check launcher:	C:\Program Files\Java\jre1.8.0_271\bin\javaw.exe (OK)
Match:		1.008.000
Check:		SOFTWARE\JavaSoft\Java Runtime Environment\1.8.0_271
Check launcher:	C:\Program Files\Java\jre1.8.0_271\bin\javaw.exe (OK)
Match:		1.008.000_271
64-bit search:	SOFTWARE\JavaSoft\Java Development Kit...
64-bit search:	SOFTWARE\JavaSoft\JRE...
64-bit search:	SOFTWARE\JavaSoft\JDK...
Check:		SOFTWARE\JavaSoft\JDK\15.0.1
Check launcher:	C:\Program Files\Java\jdk-15.0.1\bin\javaw.exe (OK)
Match:		1.015.000_001
Runtime used:	1.015.000_001 (64-bit)
Launcher:	C:\Program Files\Java\jdk-15.0.1\bin\javaw.exe
Launcher args:	-jar "C:\Users\Tan Chi Feng\Downloads\Event-Driven Simulation 1.exe"
Args length:	68/32768 chars
Exit code:	0


Version:	3.12
CmdLine:	C:\Users\Tan Chi Feng\Downloads\Event-Driven Simulation 1.exe --l4j-debug
WOW64:		yes
Working dir:	C:\Users\Tan Chi Feng\Downloads\.
Java min ver:	1.000.000
Java max ver:	
64-bit search:	SOFTWARE\JavaSoft\Java Runtime Environment...
Check:		SOFTWARE\JavaSoft\Java Runtime Environment\1.8
Check launcher:	C:\Program Files\Java\jre1.8.0_271\bin\javaw.exe (OK)
Match:		1.008.000
Check:		SOFTWARE\JavaSoft\Java Runtime Environment\1.8.0_271
Check launcher:	C:\Program Files\Java\jre1.8.0_271\bin\javaw.exe (OK)
Match:		1.008.000_271
64-bit search:	SOFTWARE\JavaSoft\Java Development Kit...
64-bit search:	SOFTWARE\JavaSoft\JRE...
64-bit search:	SOFTWARE\JavaSoft\JDK...
Check:		SOFTWARE\JavaSoft\JDK\15.0.1
Check launcher:	C:\Program Files\Java\jdk-15.0.1\bin\javaw.exe (OK)
Match:		1.015.000_001
Runtime used:	1.015.000_001 (64-bit)
Launcher:	C:\Program Files\Java\jdk-15.0.1\bin\javaw.exe
Launcher args:	-jar "C:\Users\Tan Chi Feng\Downloads\Event-Driven Simulation 1.exe"
Args length:	68/32768 chars
Exit code:	0


Version:	3.12
CmdLine:	C:\Users\Tan Chi Feng\Downloads\Event-Driven Simulation 1.exe --l4j-debug
WOW64:		yes
Working dir:	C:\Users\Tan Chi Feng\Downloads\.
Java min ver:	1.000.000
Java max ver:	
64-bit search:	SOFTWARE\JavaSoft\Java Runtime Environment...
Check:		SOFTWARE\JavaSoft\Java Runtime Environment\1.8
Check launcher:	C:\Program Files\Java\jre1.8.0_271\bin\javaw.exe (OK)
Match:		1.008.000
Check:		SOFTWARE\JavaSoft\Java Runtime Environment\1.8.0_271
Check launcher:	C:\Program Files\Java\jre1.8.0_271\bin\javaw.exe (OK)
Match:		1.008.000_271
64-bit search:	SOFTWARE\JavaSoft\Java Development Kit...
64-bit search:	SOFTWARE\JavaSoft\JRE...
64-bit search:	SOFTWARE\JavaSoft\JDK...
Check:		SOFTWARE\JavaSoft\JDK\15.0.1
Check launcher:	C:\Program Files\Java\jdk-15.0.1\bin\javaw.exe (OK)
Match:		1.015.000_001
Runtime used:	1.015.000_001 (64-bit)
Launcher:	C:\Program Files\Java\jdk-15.0.1\bin\javaw.exe
Launcher args:	-jar "C:\Users\Tan Chi Feng\Downloads\Event-Driven Simulation 1.exe"
Args length:	68/32768 chars
Exit code:	0


Version:	3.12
CmdLine:	C:\Users\Tan Chi Feng\Downloads\Event-Driven Simulation 1.exe --l4j-debug
WOW64:		yes
Working dir:	C:\Users\Tan Chi Feng\Downloads\.
Java min ver:	1.000.000
Java max ver:	
64-bit search:	SOFTWARE\JavaSoft\Java Runtime Environment...
Check:		SOFTWARE\JavaSoft\Java Runtime Environment\1.8
Check launcher:	C:\Program Files\Java\jre1.8.0_271\bin\javaw.exe (OK)
Match:		1.008.000
Check:		SOFTWARE\JavaSoft\Java Runtime Environment\1.8.0_271
Check launcher:	C:\Program Files\Java\jre1.8.0_271\bin\javaw.exe (OK)
Match:		1.008.000_271
64-bit search:	SOFTWARE\JavaSoft\Java Development Kit...
64-bit search:	SOFTWARE\JavaSoft\JRE...
64-bit search:	SOFTWARE\JavaSoft\JDK...
Check:		SOFTWARE\JavaSoft\JDK\15.0.1
Check launcher:	C:\Program Files\Java\jdk-15.0.1\bin\javaw.exe (OK)
Match:		1.015.000_001
Runtime used:	1.015.000_001 (64-bit)
Launcher:	C:\Program Files\Java\jdk-15.0.1\bin\javaw.exe
Launcher args:	-jar "C:\Users\Tan Chi Feng\Downloads\Event-Driven Simulation 1.exe"
Args length:	68/32768 chars
Exit code:	0


Version:	3.12
CmdLine:	C:\Users\Tan Chi Feng\Downloads\Event-Driven Simulation 1.exe --l4j-debug
WOW64:		yes
Working dir:	C:\Users\Tan Chi Feng\Downloads\.
Java min ver:	1.000.000
Java max ver:	
64-bit search:	SOFTWARE\JavaSoft\Java Runtime Environment...
Check:		SOFTWARE\JavaSoft\Java Runtime Environment\1.8
Check launcher:	C:\Program Files\Java\jre1.8.0_271\bin\javaw.exe (OK)
Match:		1.008.000
Check:		SOFTWARE\JavaSoft\Java Runtime Environment\1.8.0_271
Check launcher:	C:\Program Files\Java\jre1.8.0_271\bin\javaw.exe (OK)
Match:		1.008.000_271
64-bit search:	SOFTWARE\JavaSoft\Java Development Kit...
64-bit search:	SOFTWARE\JavaSoft\JRE...
64-bit search:	SOFTWARE\JavaSoft\JDK...
Check:		SOFTWARE\JavaSoft\JDK\15.0.1
Check launcher:	C:\Program Files\Java\jdk-15.0.1\bin\javaw.exe (OK)
Match:		1.015.000_001
Runtime used:	1.015.000_001 (64-bit)
Launcher:	C:\Program Files\Java\jdk-15.0.1\bin\javaw.exe
Launcher args:	-jar "C:\Users\Tan Chi Feng\Downloads\Event-Driven Simulation 1.exe"
Args length:	68/32768 chars
Exit code:	0


Version:	3.12
CmdLine:	C:\Users\Tan Chi Feng\Downloads\Event-Driven Simulation 1.exe --l4j-debug
WOW64:		yes
Working dir:	C:\Users\Tan Chi Feng\Downloads\.
Java min ver:	1.000.000
Java max ver:	
64-bit search:	SOFTWARE\JavaSoft\Java Runtime Environment...
Check:		SOFTWARE\JavaSoft\Java Runtime Environment\1.8
Check launcher:	C:\Program Files\Java\jre1.8.0_271\bin\javaw.exe (OK)
Match:		1.008.000
Check:		SOFTWARE\JavaSoft\Java Runtime Environment\1.8.0_271
Check launcher:	C:\Program Files\Java\jre1.8.0_271\bin\javaw.exe (OK)
Match:		1.008.000_271
64-bit search:	SOFTWARE\JavaSoft\Java Development Kit...
64-bit search:	SOFTWARE\JavaSoft\JRE...
64-bit search:	SOFTWARE\JavaSoft\JDK...
Check:		SOFTWARE\JavaSoft\JDK\15.0.1
Check launcher:	C:\Program Files\Java\jdk-15.0.1\bin\javaw.exe (OK)
Match:		1.015.000_001
Runtime used:	1.015.000_001 (64-bit)
Launcher:	C:\Program Files\Java\jdk-15.0.1\bin\javaw.exe
Launcher args:	-jar "C:\Users\Tan Chi Feng\Downloads\Event-Driven Simulation 1.exe"
Args length:	68/32768 chars
Exit code:	0


Version:	3.12
CmdLine:	C:\Users\Tan Chi Feng\Downloads\Event-Driven Simulation 1.exe --l4j-debug
WOW64:		yes
Working dir:	C:\Users\Tan Chi Feng\Downloads\.
Java min ver:	1.000.000
Java max ver:	
64-bit search:	SOFTWARE\JavaSoft\Java Runtime Environment...
Check:		SOFTWARE\JavaSoft\Java Runtime Environment\1.8
Check launcher:	C:\Program Files\Java\jre1.8.0_271\bin\javaw.exe (OK)
Match:		1.008.000
Check:		SOFTWARE\JavaSoft\Java Runtime Environment\1.8.0_271
Check launcher:	C:\Program Files\Java\jre1.8.0_271\bin\javaw.exe (OK)
Match:		1.008.000_271
64-bit search:	SOFTWARE\JavaSoft\Java Development Kit...
64-bit search:	SOFTWARE\JavaSoft\JRE...
64-bit search:	SOFTWARE\JavaSoft\JDK...
Check:		SOFTWARE\JavaSoft\JDK\15.0.1
Check launcher:	C:\Program Files\Java\jdk-15.0.1\bin\javaw.exe (OK)
Match:		1.015.000_001
Runtime used:	1.015.000_001 (64-bit)
Launcher:	C:\Program Files\Java\jdk-15.0.1\bin\javaw.exe
Launcher args:	-jar "C:\Users\Tan Chi Feng\Downloads\Event-Driven Simulation 1.exe"
Args length:	68/32768 chars
Exit code:	0


Version:	3.12
CmdLine:	C:\Users\Tan Chi Feng\Downloads\Event-Driven Simulation 1.exe --l4j-debug
WOW64:		yes
Working dir:	C:\Users\Tan Chi Feng\Downloads\.
Java min ver:	1.000.000
Java max ver:	
64-bit search:	SOFTWARE\JavaSoft\Java Runtime Environment...
Check:		SOFTWARE\JavaSoft\Java Runtime Environment\1.8
Check launcher:	C:\Program Files\Java\jre1.8.0_271\bin\javaw.exe (OK)
Match:		1.008.000
Check:		SOFTWARE\JavaSoft\Java Runtime Environment\1.8.0_271
Check launcher:	C:\Program Files\Java\jre1.8.0_271\bin\javaw.exe (OK)
Match:		1.008.000_271
64-bit search:	SOFTWARE\JavaSoft\Java Development Kit...
64-bit search:	SOFTWARE\JavaSoft\JRE...
64-bit search:	SOFTWARE\JavaSoft\JDK...
Check:		SOFTWARE\JavaSoft\JDK\15.0.1
Check launcher:	C:\Program Files\Java\jdk-15.0.1\bin\javaw.exe (OK)
Match:		1.015.000_001
Runtime used:	1.015.000_001 (64-bit)
Launcher:	C:\Program Files\Java\jdk-15.0.1\bin\javaw.exe
Launcher args:	-jar "C:\Users\Tan Chi Feng\Downloads\Event-Driven Simulation 1.exe"
Args length:	68/32768 chars
Exit code:	0


Version:	3.12
CmdLine:	C:\Users\Tan Chi Feng\Downloads\Event-Driven Simulation 1.exe --l4j-debug
WOW64:		yes
Working dir:	C:\Users\Tan Chi Feng\Downloads\.
Java min ver:	1.000.000
Java max ver:	
64-bit search:	SOFTWARE\JavaSoft\Java Runtime Environment...
Check:		SOFTWARE\JavaSoft\Java Runtime Environment\1.8
Check launcher:	C:\Program Files\Java\jre1.8.0_271\bin\javaw.exe (OK)
Match:		1.008.000
Check:		SOFTWARE\JavaSoft\Java Runtime Environment\1.8.0_271
Check launcher:	C:\Program Files\Java\jre1.8.0_271\bin\javaw.exe (OK)
Match:		1.008.000_271
64-bit search:	SOFTWARE\JavaSoft\Java Development Kit...
64-bit search:	SOFTWARE\JavaSoft\JRE...
64-bit search:	SOFTWARE\JavaSoft\JDK...
Check:		SOFTWARE\JavaSoft\JDK\15.0.1
Check launcher:	C:\Program Files\Java\jdk-15.0.1\bin\javaw.exe (OK)
Match:		1.015.000_001
Runtime used:	1.015.000_001 (64-bit)
Launcher:	C:\Program Files\Java\jdk-15.0.1\bin\javaw.exe
Launcher args:	-jar "C:\Users\Tan Chi Feng\Downloads\Event-Driven Simulation 1.exe"
Args length:	68/32768 chars
Exit code:	0


Version:	3.12
CmdLine:	C:\Users\Tan Chi Feng\Downloads\Event-Driven Simulation 1.exe --l4j-debug
WOW64:		yes
Working dir:	C:\Users\Tan Chi Feng\Downloads\.
Java min ver:	1.000.000
Java max ver:	
64-bit search:	SOFTWARE\JavaSoft\Java Runtime Environment...
Check:		SOFTWARE\JavaSoft\Java Runtime Environment\1.8
Check launcher:	C:\Program Files\Java\jre1.8.0_271\bin\javaw.exe (OK)
Match:		1.008.000
Check:		SOFTWARE\JavaSoft\Java Runtime Environment\1.8.0_271
Check launcher:	C:\Program Files\Java\jre1.8.0_271\bin\javaw.exe (OK)
Match:		1.008.000_271
64-bit search:	SOFTWARE\JavaSoft\Java Development Kit...
64-bit search:	SOFTWARE\JavaSoft\JRE...
64-bit search:	SOFTWARE\JavaSoft\JDK...
Check:		SOFTWARE\JavaSoft\JDK\15.0.1
Check launcher:	C:\Program Files\Java\jdk-15.0.1\bin\javaw.exe (OK)
Match:		1.015.000_001
Runtime used:	1.015.000_001 (64-bit)
Launcher:	C:\Program Files\Java\jdk-15.0.1\bin\javaw.exe
Launcher args:	-jar "C:\Users\Tan Chi Feng\Downloads\Event-Driven Simulation 1.exe"
Args length:	68/32768 chars
Exit code:	0


Version:	3.12
CmdLine:	C:\Users\Tan Chi Feng\Downloads\Event-Driven Simulation 1.exe --l4j-debug
WOW64:		yes
Working dir:	C:\Users\Tan Chi Feng\Downloads\.
Java min ver:	1.000.000
Java max ver:	
64-bit search:	SOFTWARE\JavaSoft\Java Runtime Environment...
Check:		SOFTWARE\JavaSoft\Java Runtime Environment\1.8
Check launcher:	C:\Program Files\Java\jre1.8.0_271\bin\javaw.exe (OK)
Match:		1.008.000
Check:		SOFTWARE\JavaSoft\Java Runtime Environment\1.8.0_271
Check launcher:	C:\Program Files\Java\jre1.8.0_271\bin\javaw.exe (OK)
Match:		1.008.000_271
64-bit search:	SOFTWARE\JavaSoft\Java Development Kit...
64-bit search:	SOFTWARE\JavaSoft\JRE...
64-bit search:	SOFTWARE\JavaSoft\JDK...
Check:		SOFTWARE\JavaSoft\JDK\15.0.1
Check launcher:	C:\Program Files\Java\jdk-15.0.1\bin\javaw.exe (OK)
Match:		1.015.000_001
Runtime used:	1.015.000_001 (64-bit)
Launcher:	C:\Program Files\Java\jdk-15.0.1\bin\javaw.exe
Launcher args:	-jar "C:\Users\Tan Chi Feng\Downloads\Event-Driven Simulation 1.exe"
Args length:	68/32768 chars
Exit code:	0


Version:	3.12
CmdLine:	C:\Users\Tan Chi Feng\Downloads\Event-Driven Simulation 1.exe --l4j-debug
WOW64:		yes
Working dir:	C:\Users\Tan Chi Feng\Downloads\.
Java min ver:	1.000.000
Java max ver:	
64-bit search:	SOFTWARE\JavaSoft\Java Runtime Environment...
Check:		SOFTWARE\JavaSoft\Java Runtime Environment\1.8
Check launcher:	C:\Program Files\Java\jre1.8.0_271\bin\javaw.exe (OK)
Match:		1.008.000
Check:		SOFTWARE\JavaSoft\Java Runtime Environment\1.8.0_271
Check launcher:	C:\Program Files\Java\jre1.8.0_271\bin\javaw.exe (OK)
Match:		1.008.000_271
64-bit search:	SOFTWARE\JavaSoft\Java Development Kit...
64-bit search:	SOFTWARE\JavaSoft\JRE...
64-bit search:	SOFTWARE\JavaSoft\JDK...
Check:		SOFTWARE\JavaSoft\JDK\15.0.1
Check launcher:	C:\Program Files\Java\jdk-15.0.1\bin\javaw.exe (OK)
Match:		1.015.000_001
Runtime used:	1.015.000_001 (64-bit)
Launcher:	C:\Program Files\Java\jdk-15.0.1\bin\javaw.exe
Launcher args:	-jar "C:\Users\Tan Chi Feng\Downloads\Event-Driven Simulation 1.exe"
Args length:	68/32768 chars
Exit code:	0


Version:	3.12
CmdLine:	C:\Users\Tan Chi Feng\Downloads\Event-Driven Simulation.exe --l4j-debug
WOW64:		yes
Working dir:	C:\Users\Tan Chi Feng\Downloads\.
Java min ver:	1.000.000
Java max ver:	
Bundled JRE:	C:\Program Files\Java\jre1.8.0_271\lib
Check launcher:	C:\Program Files\Java\jre1.8.0_271\lib\bin\javaw.exe (not found)
64-bit search:	SOFTWARE\JavaSoft\Java Runtime Environment...
32-bit search:	SOFTWARE\JavaSoft\Java Runtime Environment...
64-bit search:	SOFTWARE\JavaSoft\Java Development Kit...
32-bit search:	SOFTWARE\JavaSoft\Java Development Kit...
64-bit search:	SOFTWARE\JavaSoft\JRE...
32-bit search:	SOFTWARE\JavaSoft\JRE...
64-bit search:	SOFTWARE\JavaSoft\JDK...
Check:		SOFTWARE\JavaSoft\JDK\15.0.1
Check launcher:	C:\Program Files\Java\jdk-15.0.1\bin\javaw.exe (OK)
Match:		1.015.000_001
Runtime used:	1.015.000_001 (64-bit)
Main class:	application.Main
Add classpath:	C:\Users\Tan Chi Feng\Downloads\Event-Driven Simulation_lib\javafx-swt.jar
Add classpath:	C:\Users\Tan Chi Feng\Downloads\Event-Driven Simulation_lib\javafx.controls.jar
Add classpath:	C:\Users\Tan Chi Feng\Downloads\Event-Driven Simulation_lib\javafx.base.jar
Add classpath:	C:\Users\Tan Chi Feng\Downloads\Event-Driven Simulation_lib\javafx.fxml.jar
Add classpath:	C:\Users\Tan Chi Feng\Downloads\Event-Driven Simulation_lib\javafx.graphics.jar
Add classpath:	C:\Users\Tan Chi Feng\Downloads\Event-Driven Simulation_lib\javafx.,edoa.jar
Add classpath:	C:\Users\Tan Chi Feng\Downloads\Event-Driven Simulation_lib\javafx.swing.jar
Add classpath:	C:\Users\Tan Chi Feng\Downloads\Event-Driven Simulation_lib\javafx.web.jar
Launcher:	C:\Program Files\Java\jdk-15.0.1\bin\javaw.exe
Launcher args:	-classpath "C:\Users\Tan Chi Feng\Downloads\Event-Driven Simulation.exe;C:\Users\Tan Chi Feng\Downloads\Event-Driven Simulation_lib\javafx-swt.jar;C:\Users\Tan Chi Feng\Downloads\Event-Driven Simulation_lib\javafx.controls.jar;C:\Users\Tan Chi Feng\Downloads\Event-Driven Simulation_lib\javafx.base.jar;C:\Users\Tan Chi Feng\Downloads\Event-Driven Simulation_lib\javafx.fxml.jar;C:\Users\Tan Chi Feng\Downloads\Event-Driven Simulation_lib\javafx.graphics.jar;C:\Users\Tan Chi Feng\Downloads\Event-Driven Simulation_lib\javafx.,edoa.jar;C:\Users\Tan Chi Feng\Downloads\Event-Driven Simulation_lib\javafx.swing.jar;C:\Users\Tan Chi Feng\Downloads\Event-Driven Simulation_lib\javafx.web.jar" application.Main
Args length:	705/32768 chars
Exit code:	0


Version:	3.12
CmdLine:	C:\Users\Tan Chi Feng\Downloads\Event-Driven Simulation.exe --l4j-debug
WOW64:		yes
Working dir:	C:\Users\Tan Chi Feng\Downloads\.
Java min ver:	1.000.000
Java max ver:	
Bundled JRE:	C:\Program Files\Java\jre1.8.0_271\lib
Check launcher:	C:\Program Files\Java\jre1.8.0_271\lib\bin\javaw.exe (not found)
64-bit search:	SOFTWARE\JavaSoft\Java Runtime Environment...
32-bit search:	SOFTWARE\JavaSoft\Java Runtime Environment...
64-bit search:	SOFTWARE\JavaSoft\Java Development Kit...
32-bit search:	SOFTWARE\JavaSoft\Java Development Kit...
64-bit search:	SOFTWARE\JavaSoft\JRE...
32-bit search:	SOFTWARE\JavaSoft\JRE...
64-bit search:	SOFTWARE\JavaSoft\JDK...
Check:		SOFTWARE\JavaSoft\JDK\15.0.1
Check launcher:	C:\Program Files\Java\jdk-15.0.1\bin\javaw.exe (OK)
Match:		1.015.000_001
Runtime used:	1.015.000_001 (64-bit)
Main class:	application.Main
Add classpath:	C:\Users\Tan Chi Feng\Downloads\Event-Driven Simulation_lib\javafx-swt.jar
Add classpath:	C:\Users\Tan Chi Feng\Downloads\Event-Driven Simulation_lib\javafx.controls.jar
Add classpath:	C:\Users\Tan Chi Feng\Downloads\Event-Driven Simulation_lib\javafx.base.jar
Add classpath:	C:\Users\Tan Chi Feng\Downloads\Event-Driven Simulation_lib\javafx.fxml.jar
Add classpath:	C:\Users\Tan Chi Feng\Downloads\Event-Driven Simulation_lib\javafx.graphics.jar
Add classpath:	C:\Users\Tan Chi Feng\Downloads\Event-Driven Simulation_lib\javafx.,edoa.jar
Add classpath:	C:\Users\Tan Chi Feng\Downloads\Event-Driven Simulation_lib\javafx.swing.jar
Add classpath:	C:\Users\Tan Chi Feng\Downloads\Event-Driven Simulation_lib\javafx.web.jar
Launcher:	C:\Program Files\Java\jdk-15.0.1\bin\javaw.exe
Launcher args:	-classpath "C:\Users\Tan Chi Feng\Downloads\Event-Driven Simulation.exe;C:\Users\Tan Chi Feng\Downloads\Event-Driven Simulation_lib\javafx-swt.jar;C:\Users\Tan Chi Feng\Downloads\Event-Driven Simulation_lib\javafx.controls.jar;C:\Users\Tan Chi Feng\Downloads\Event-Driven Simulation_lib\javafx.base.jar;C:\Users\Tan Chi Feng\Downloads\Event-Driven Simulation_lib\javafx.fxml.jar;C:\Users\Tan Chi Feng\Downloads\Event-Driven Simulation_lib\javafx.graphics.jar;C:\Users\Tan Chi Feng\Downloads\Event-Driven Simulation_lib\javafx.,edoa.jar;C:\Users\Tan Chi Feng\Downloads\Event-Driven Simulation_lib\javafx.swing.jar;C:\Users\Tan Chi Feng\Downloads\Event-Driven Simulation_lib\javafx.web.jar" application.Main
Args length:	705/32768 chars
Exit code:	0


Version:	3.12
CmdLine:	C:\Users\Tan Chi Feng\Downloads\Event-Driven Simulation.exe --l4j-debug
WOW64:		yes
Working dir:	C:\Users\Tan Chi Feng\Downloads\.
Java min ver:	1.000.000
Java max ver:	
Bundled JRE:	C:\Program Files\Java\jre1.8.0_271\lib
Check launcher:	C:\Program Files\Java\jre1.8.0_271\lib\bin\javaw.exe (not found)
64-bit search:	SOFTWARE\JavaSoft\Java Runtime Environment...
32-bit search:	SOFTWARE\JavaSoft\Java Runtime Environment...
64-bit search:	SOFTWARE\JavaSoft\Java Development Kit...
32-bit search:	SOFTWARE\JavaSoft\Java Development Kit...
64-bit search:	SOFTWARE\JavaSoft\JRE...
32-bit search:	SOFTWARE\JavaSoft\JRE...
64-bit search:	SOFTWARE\JavaSoft\JDK...
Check:		SOFTWARE\JavaSoft\JDK\15.0.1
Check launcher:	C:\Program Files\Java\jdk-15.0.1\bin\javaw.exe (OK)
Match:		1.015.000_001
Runtime used:	1.015.000_001 (64-bit)
Main class:	application.Main
Add classpath:	C:\Users\Tan Chi Feng\Downloads\Event-Driven Simulation_lib\javafx-swt.jar
Add classpath:	C:\Users\Tan Chi Feng\Downloads\Event-Driven Simulation_lib\javafx.controls.jar
Add classpath:	C:\Users\Tan Chi Feng\Downloads\Event-Driven Simulation_lib\javafx.base.jar
Add classpath:	C:\Users\Tan Chi Feng\Downloads\Event-Driven Simulation_lib\javafx.fxml.jar
Add classpath:	C:\Users\Tan Chi Feng\Downloads\Event-Driven Simulation_lib\javafx.graphics.jar
Add classpath:	C:\Users\Tan Chi Feng\Downloads\Event-Driven Simulation_lib\javafx.,edoa.jar
Add classpath:	C:\Users\Tan Chi Feng\Downloads\Event-Driven Simulation_lib\javafx.swing.jar
Add classpath:	C:\Users\Tan Chi Feng\Downloads\Event-Driven Simulation_lib\javafx.web.jar
Launcher:	C:\Program Files\Java\jdk-15.0.1\bin\javaw.exe
Launcher args:	-classpath "C:\Users\Tan Chi Feng\Downloads\Event-Driven Simulation.exe;C:\Users\Tan Chi Feng\Downloads\Event-Driven Simulation_lib\javafx-swt.jar;C:\Users\Tan Chi Feng\Downloads\Event-Driven Simulation_lib\javafx.controls.jar;C:\Users\Tan Chi Feng\Downloads\Event-Driven Simulation_lib\javafx.base.jar;C:\Users\Tan Chi Feng\Downloads\Event-Driven Simulation_lib\javafx.fxml.jar;C:\Users\Tan Chi Feng\Downloads\Event-Driven Simulation_lib\javafx.graphics.jar;C:\Users\Tan Chi Feng\Downloads\Event-Driven Simulation_lib\javafx.,edoa.jar;C:\Users\Tan Chi Feng\Downloads\Event-Driven Simulation_lib\javafx.swing.jar;C:\Users\Tan Chi Feng\Downloads\Event-Driven Simulation_lib\javafx.web.jar" application.Main
Args length:	705/32768 chars
Exit code:	0


Version:	3.12
CmdLine:	C:\Users\Tan Chi Feng\Downloads\Event-Driven Simulation.exe --l4j-debug
WOW64:		yes
Working dir:	C:\Users\Tan Chi Feng\Downloads\.
Java min ver:	1.000.000
Java max ver:	
Bundled JRE:	C:\Program Files\Java\jre1.8.0_271\lib
Check launcher:	C:\Program Files\Java\jre1.8.0_271\lib\bin\javaw.exe (not found)
64-bit search:	SOFTWARE\JavaSoft\Java Runtime Environment...
32-bit search:	SOFTWARE\JavaSoft\Java Runtime Environment...
64-bit search:	SOFTWARE\JavaSoft\Java Development Kit...
32-bit search:	SOFTWARE\JavaSoft\Java Development Kit...
64-bit search:	SOFTWARE\JavaSoft\JRE...
32-bit search:	SOFTWARE\JavaSoft\JRE...
64-bit search:	SOFTWARE\JavaSoft\JDK...
Check:		SOFTWARE\JavaSoft\JDK\15.0.1
Check launcher:	C:\Program Files\Java\jdk-15.0.1\bin\javaw.exe (OK)
Match:		1.015.000_001
Runtime used:	1.015.000_001 (64-bit)
Main class:	application.Main
Add classpath:	C:\Users\Tan Chi Feng\Downloads\Event-Driven Simulation_lib\javafx-swt.jar
Add classpath:	C:\Users\Tan Chi Feng\Downloads\Event-Driven Simulation_lib\javafx.controls.jar
Add classpath:	C:\Users\Tan Chi Feng\Downloads\Event-Driven Simulation_lib\javafx.base.jar
Add classpath:	C:\Users\Tan Chi Feng\Downloads\Event-Driven Simulation_lib\javafx.fxml.jar
Add classpath:	C:\Users\Tan Chi Feng\Downloads\Event-Driven Simulation_lib\javafx.graphics.jar
Add classpath:	C:\Users\Tan Chi Feng\Downloads\Event-Driven Simulation_lib\javafx.,edoa.jar
Add classpath:	C:\Users\Tan Chi Feng\Downloads\Event-Driven Simulation_lib\javafx.swing.jar
Add classpath:	C:\Users\Tan Chi Feng\Downloads\Event-Driven Simulation_lib\javafx.web.jar
Launcher:	C:\Program Files\Java\jdk-15.0.1\bin\javaw.exe
Launcher args:	-classpath "C:\Users\Tan Chi Feng\Downloads\Event-Driven Simulation.exe;C:\Users\Tan Chi Feng\Downloads\Event-Driven Simulation_lib\javafx-swt.jar;C:\Users\Tan Chi Feng\Downloads\Event-Driven Simulation_lib\javafx.controls.jar;C:\Users\Tan Chi Feng\Downloads\Event-Driven Simulation_lib\javafx.base.jar;C:\Users\Tan Chi Feng\Downloads\Event-Driven Simulation_lib\javafx.fxml.jar;C:\Users\Tan Chi Feng\Downloads\Event-Driven Simulation_lib\javafx.graphics.jar;C:\Users\Tan Chi Feng\Downloads\Event-Driven Simulation_lib\javafx.,edoa.jar;C:\Users\Tan Chi Feng\Downloads\Event-Driven Simulation_lib\javafx.swing.jar;C:\Users\Tan Chi Feng\Downloads\Event-Driven Simulation_lib\javafx.web.jar" application.Main
Args length:	705/32768 chars
Exit code:	0


Version:	3.12
CmdLine:	C:\Users\Tan Chi Feng\Downloads\Event-Driven Simulation.exe --l4j-debug
WOW64:		yes
Working dir:	C:\Users\Tan Chi Feng\Downloads\.
Java min ver:	1.000.000
Java max ver:	
Bundled JRE:	C:\Program Files\Java\jre1.8.0_271\lib
Check launcher:	C:\Program Files\Java\jre1.8.0_271\lib\bin\javaw.exe (not found)
64-bit search:	SOFTWARE\JavaSoft\Java Runtime Environment...
32-bit search:	SOFTWARE\JavaSoft\Java Runtime Environment...
64-bit search:	SOFTWARE\JavaSoft\Java Development Kit...
32-bit search:	SOFTWARE\JavaSoft\Java Development Kit...
64-bit search:	SOFTWARE\JavaSoft\JRE...
32-bit search:	SOFTWARE\JavaSoft\JRE...
64-bit search:	SOFTWARE\JavaSoft\JDK...
Check:		SOFTWARE\JavaSoft\JDK\15.0.1
Check launcher:	C:\Program Files\Java\jdk-15.0.1\bin\javaw.exe (OK)
Match:		1.015.000_001
Runtime used:	1.015.000_001 (64-bit)
Main class:	application.Main
Add classpath:	C:\Users\Tan Chi Feng\Downloads\Event-Driven Simulation_lib\javafx-swt.jar
Add classpath:	C:\Users\Tan Chi Feng\Downloads\Event-Driven Simulation_lib\javafx.controls.jar
Add classpath:	C:\Users\Tan Chi Feng\Downloads\Event-Driven Simulation_lib\javafx.base.jar
Add classpath:	C:\Users\Tan Chi Feng\Downloads\Event-Driven Simulation_lib\javafx.fxml.jar
Add classpath:	C:\Users\Tan Chi Feng\Downloads\Event-Driven Simulation_lib\javafx.graphics.jar
Add classpath:	C:\Users\Tan Chi Feng\Downloads\Event-Driven Simulation_lib\javafx.,edoa.jar
Add classpath:	C:\Users\Tan Chi Feng\Downloads\Event-Driven Simulation_lib\javafx.swing.jar
Add classpath:	C:\Users\Tan Chi Feng\Downloads\Event-Driven Simulation_lib\javafx.web.jar
Launcher:	C:\Program Files\Java\jdk-15.0.1\bin\javaw.exe
Launcher args:	-classpath "C:\Users\Tan Chi Feng\Downloads\Event-Driven Simulation.exe;C:\Users\Tan Chi Feng\Downloads\Event-Driven Simulation_lib\javafx-swt.jar;C:\Users\Tan Chi Feng\Downloads\Event-Driven Simulation_lib\javafx.controls.jar;C:\Users\Tan Chi Feng\Downloads\Event-Driven Simulation_lib\javafx.base.jar;C:\Users\Tan Chi Feng\Downloads\Event-Driven Simulation_lib\javafx.fxml.jar;C:\Users\Tan Chi Feng\Downloads\Event-Driven Simulation_lib\javafx.graphics.jar;C:\Users\Tan Chi Feng\Downloads\Event-Driven Simulation_lib\javafx.,edoa.jar;C:\Users\Tan Chi Feng\Downloads\Event-Driven Simulation_lib\javafx.swing.jar;C:\Users\Tan Chi Feng\Downloads\Event-Driven Simulation_lib\javafx.web.jar" application.Main
Args length:	705/32768 chars
Exit code:	0


Version:	3.12
CmdLine:	C:\Users\Tan Chi Feng\Downloads\Event-Driven Simulation.exe --l4j-debug
WOW64:		yes
Working dir:	C:\Users\Tan Chi Feng\Downloads\.
Java min ver:	1.000.000
Java max ver:	
Bundled JRE:	C:\Program Files\Java\jre1.8.0_271\lib
Check launcher:	C:\Program Files\Java\jre1.8.0_271\lib\bin\javaw.exe (not found)
64-bit search:	SOFTWARE\JavaSoft\Java Runtime Environment...
32-bit search:	SOFTWARE\JavaSoft\Java Runtime Environment...
64-bit search:	SOFTWARE\JavaSoft\Java Development Kit...
32-bit search:	SOFTWARE\JavaSoft\Java Development Kit...
64-bit search:	SOFTWARE\JavaSoft\JRE...
32-bit search:	SOFTWARE\JavaSoft\JRE...
64-bit search:	SOFTWARE\JavaSoft\JDK...
Check:		SOFTWARE\JavaSoft\JDK\15.0.1
Check launcher:	C:\Program Files\Java\jdk-15.0.1\bin\javaw.exe (OK)
Match:		1.015.000_001
Runtime used:	1.015.000_001 (64-bit)
Main class:	application.Main
Add classpath:	C:\Users\Tan Chi Feng\Downloads\Event-Driven Simulation_lib\javafx-swt.jar
Add classpath:	C:\Users\Tan Chi Feng\Downloads\Event-Driven Simulation_lib\javafx.controls.jar
Add classpath:	C:\Users\Tan Chi Feng\Downloads\Event-Driven Simulation_lib\javafx.base.jar
Add classpath:	C:\Users\Tan Chi Feng\Downloads\Event-Driven Simulation_lib\javafx.fxml.jar
Add classpath:	C:\Users\Tan Chi Feng\Downloads\Event-Driven Simulation_lib\javafx.graphics.jar
Add classpath:	C:\Users\Tan Chi Feng\Downloads\Event-Driven Simulation_lib\javafx.,edoa.jar
Add classpath:	C:\Users\Tan Chi Feng\Downloads\Event-Driven Simulation_lib\javafx.swing.jar
Add classpath:	C:\Users\Tan Chi Feng\Downloads\Event-Driven Simulation_lib\javafx.web.jar
Launcher:	C:\Program Files\Java\jdk-15.0.1\bin\javaw.exe
Launcher args:	-classpath "C:\Users\Tan Chi Feng\Downloads\Event-Driven Simulation.exe;C:\Users\Tan Chi Feng\Downloads\Event-Driven Simulation_lib\javafx-swt.jar;C:\Users\Tan Chi Feng\Downloads\Event-Driven Simulation_lib\javafx.controls.jar;C:\Users\Tan Chi Feng\Downloads\Event-Driven Simulation_lib\javafx.base.jar;C:\Users\Tan Chi Feng\Downloads\Event-Driven Simulation_lib\javafx.fxml.jar;C:\Users\Tan Chi Feng\Downloads\Event-Driven Simulation_lib\javafx.graphics.jar;C:\Users\Tan Chi Feng\Downloads\Event-Driven Simulation_lib\javafx.,edoa.jar;C:\Users\Tan Chi Feng\Downloads\Event-Driven Simulation_lib\javafx.swing.jar;C:\Users\Tan Chi Feng\Downloads\Event-Driven Simulation_lib\javafx.web.jar" application.Main
Args length:	705/32768 chars
Exit code:	0


Version:	3.12
CmdLine:	C:\Users\Tan Chi Feng\Downloads\Event-Driven Simulation.exe --l4j-debug
WOW64:		yes
Working dir:	C:\Users\Tan Chi Feng\Downloads\.
Java min ver:	1.000.000
Java max ver:	
Bundled JRE:	C:\Program Files\Java\jre1.8.0_271\lib
Check launcher:	C:\Program Files\Java\jre1.8.0_271\lib\bin\javaw.exe (not found)
64-bit search:	SOFTWARE\JavaSoft\Java Runtime Environment...
32-bit search:	SOFTWARE\JavaSoft\Java Runtime Environment...
64-bit search:	SOFTWARE\JavaSoft\Java Development Kit...
32-bit search:	SOFTWARE\JavaSoft\Java Development Kit...
64-bit search:	SOFTWARE\JavaSoft\JRE...
32-bit search:	SOFTWARE\JavaSoft\JRE...
64-bit search:	SOFTWARE\JavaSoft\JDK...
Check:		SOFTWARE\JavaSoft\JDK\15.0.1
Check launcher:	C:\Program Files\Java\jdk-15.0.1\bin\javaw.exe (OK)
Match:		1.015.000_001
Runtime used:	1.015.000_001 (64-bit)
Main class:	application.Main
Add classpath:	C:\Users\Tan Chi Feng\Downloads\Event-Driven Simulation_lib\javafx-swt.jar
Add classpath:	C:\Users\Tan Chi Feng\Downloads\Event-Driven Simulation_lib\javafx.controls.jar
Add classpath:	C:\Users\Tan Chi Feng\Downloads\Event-Driven Simulation_lib\javafx.base.jar
Add classpath:	C:\Users\Tan Chi Feng\Downloads\Event-Driven Simulation_lib\javafx.fxml.jar
Add classpath:	C:\Users\Tan Chi Feng\Downloads\Event-Driven Simulation_lib\javafx.graphics.jar
Add classpath:	C:\Users\Tan Chi Feng\Downloads\Event-Driven Simulation_lib\javafx.,edoa.jar
Add classpath:	C:\Users\Tan Chi Feng\Downloads\Event-Driven Simulation_lib\javafx.swing.jar
Add classpath:	C:\Users\Tan Chi Feng\Downloads\Event-Driven Simulation_lib\javafx.web.jar
Launcher:	C:\Program Files\Java\jdk-15.0.1\bin\javaw.exe
Launcher args:	-classpath "C:\Users\Tan Chi Feng\Downloads\Event-Driven Simulation.exe;C:\Users\Tan Chi Feng\Downloads\Event-Driven Simulation_lib\javafx-swt.jar;C:\Users\Tan Chi Feng\Downloads\Event-Driven Simulation_lib\javafx.controls.jar;C:\Users\Tan Chi Feng\Downloads\Event-Driven Simulation_lib\javafx.base.jar;C:\Users\Tan Chi Feng\Downloads\Event-Driven Simulation_lib\javafx.fxml.jar;C:\Users\Tan Chi Feng\Downloads\Event-Driven Simulation_lib\javafx.graphics.jar;C:\Users\Tan Chi Feng\Downloads\Event-Driven Simulation_lib\javafx.,edoa.jar;C:\Users\Tan Chi Feng\Downloads\Event-Driven Simulation_lib\javafx.swing.jar;C:\Users\Tan Chi Feng\Downloads\Event-Driven Simulation_lib\javafx.web.jar" application.Main
Args length:	705/32768 chars
Exit code:	0


Version:	3.12
CmdLine:	C:\Users\Tan Chi Feng\Downloads\Event-Driven Simulation.exe --l4j-debug
WOW64:		yes
Working dir:	C:\Users\Tan Chi Feng\Downloads\.
Java min ver:	1.000.000
Java max ver:	
Bundled JRE:	C:\Program Files\Java\jre1.8.0_271\lib
Check launcher:	C:\Program Files\Java\jre1.8.0_271\lib\bin\javaw.exe (not found)
64-bit search:	SOFTWARE\JavaSoft\Java Runtime Environment...
32-bit search:	SOFTWARE\JavaSoft\Java Runtime Environment...
64-bit search:	SOFTWARE\JavaSoft\Java Development Kit...
32-bit search:	SOFTWARE\JavaSoft\Java Development Kit...
64-bit search:	SOFTWARE\JavaSoft\JRE...
32-bit search:	SOFTWARE\JavaSoft\JRE...
64-bit search:	SOFTWARE\JavaSoft\JDK...
Check:		SOFTWARE\JavaSoft\JDK\15.0.1
Check launcher:	C:\Program Files\Java\jdk-15.0.1\bin\javaw.exe (OK)
Match:		1.015.000_001
Runtime used:	1.015.000_001 (64-bit)
Main class:	application.Main
Add classpath:	C:\Users\Tan Chi Feng\Downloads\Event-Driven Simulation_lib\javafx-swt.jar
Add classpath:	C:\Users\Tan Chi Feng\Downloads\Event-Driven Simulation_lib\javafx.controls.jar
Add classpath:	C:\Users\Tan Chi Feng\Downloads\Event-Driven Simulation_lib\javafx.base.jar
Add classpath:	C:\Users\Tan Chi Feng\Downloads\Event-Driven Simulation_lib\javafx.fxml.jar
Add classpath:	C:\Users\Tan Chi Feng\Downloads\Event-Driven Simulation_lib\javafx.graphics.jar
Add classpath:	C:\Users\Tan Chi Feng\Downloads\Event-Driven Simulation_lib\javafx.,edoa.jar
Add classpath:	C:\Users\Tan Chi Feng\Downloads\Event-Driven Simulation_lib\javafx.swing.jar
Add classpath:	C:\Users\Tan Chi Feng\Downloads\Event-Driven Simulation_lib\javafx.web.jar
Launcher:	C:\Program Files\Java\jdk-15.0.1\bin\javaw.exe
Launcher args:	-classpath "C:\Users\Tan Chi Feng\Downloads\Event-Driven Simulation.exe;C:\Users\Tan Chi Feng\Downloads\Event-Driven Simulation_lib\javafx-swt.jar;C:\Users\Tan Chi Feng\Downloads\Event-Driven Simulation_lib\javafx.controls.jar;C:\Users\Tan Chi Feng\Downloads\Event-Driven Simulation_lib\javafx.base.jar;C:\Users\Tan Chi Feng\Downloads\Event-Driven Simulation_lib\javafx.fxml.jar;C:\Users\Tan Chi Feng\Downloads\Event-Driven Simulation_lib\javafx.graphics.jar;C:\Users\Tan Chi Feng\Downloads\Event-Driven Simulation_lib\javafx.,edoa.jar;C:\Users\Tan Chi Feng\Downloads\Event-Driven Simulation_lib\javafx.swing.jar;C:\Users\Tan Chi Feng\Downloads\Event-Driven Simulation_lib\javafx.web.jar" application.Main
Args length:	705/32768 chars
Exit code:	0


Version:	3.12
CmdLine:	C:\Users\Tan Chi Feng\Downloads\Event-Driven Simulation.exe --l4j-debug
WOW64:		yes
Working dir:	C:\Users\Tan Chi Feng\Downloads\.
Java min ver:	1.000.000
Java max ver:	
Bundled JRE:	C:\Program Files\Java\jre1.8.0_271\lib
Check launcher:	C:\Program Files\Java\jre1.8.0_271\lib\bin\javaw.exe (not found)
64-bit search:	SOFTWARE\JavaSoft\Java Runtime Environment...
32-bit search:	SOFTWARE\JavaSoft\Java Runtime Environment...
64-bit search:	SOFTWARE\JavaSoft\Java Development Kit...
32-bit search:	SOFTWARE\JavaSoft\Java Development Kit...
64-bit search:	SOFTWARE\JavaSoft\JRE...
32-bit search:	SOFTWARE\JavaSoft\JRE...
64-bit search:	SOFTWARE\JavaSoft\JDK...
Check:		SOFTWARE\JavaSoft\JDK\15.0.1
Check launcher:	C:\Program Files\Java\jdk-15.0.1\bin\javaw.exe (OK)
Match:		1.015.000_001
Runtime used:	1.015.000_001 (64-bit)
Main class:	application.Main
Add classpath:	C:\Users\Tan Chi Feng\Downloads\Event-Driven Simulation_lib\javafx-swt.jar
Add classpath:	C:\Users\Tan Chi Feng\Downloads\Event-Driven Simulation_lib\javafx.controls.jar
Add classpath:	C:\Users\Tan Chi Feng\Downloads\Event-Driven Simulation_lib\javafx.base.jar
Add classpath:	C:\Users\Tan Chi Feng\Downloads\Event-Driven Simulation_lib\javafx.fxml.jar
Add classpath:	C:\Users\Tan Chi Feng\Downloads\Event-Driven Simulation_lib\javafx.graphics.jar
Add classpath:	C:\Users\Tan Chi Feng\Downloads\Event-Driven Simulation_lib\javafx.,edoa.jar
Add classpath:	C:\Users\Tan Chi Feng\Downloads\Event-Driven Simulation_lib\javafx.swing.jar
Add classpath:	C:\Users\Tan Chi Feng\Downloads\Event-Driven Simulation_lib\javafx.web.jar
Launcher:	C:\Program Files\Java\jdk-15.0.1\bin\javaw.exe
Launcher args:	-classpath "C:\Users\Tan Chi Feng\Downloads\Event-Driven Simulation.exe;C:\Users\Tan Chi Feng\Downloads\Event-Driven Simulation_lib\javafx-swt.jar;C:\Users\Tan Chi Feng\Downloads\Event-Driven Simulation_lib\javafx.controls.jar;C:\Users\Tan Chi Feng\Downloads\Event-Driven Simulation_lib\javafx.base.jar;C:\Users\Tan Chi Feng\Downloads\Event-Driven Simulation_lib\javafx.fxml.jar;C:\Users\Tan Chi Feng\Downloads\Event-Driven Simulation_lib\javafx.graphics.jar;C:\Users\Tan Chi Feng\Downloads\Event-Driven Simulation_lib\javafx.,edoa.jar;C:\Users\Tan Chi Feng\Downloads\Event-Driven Simulation_lib\javafx.swing.jar;C:\Users\Tan Chi Feng\Downloads\Event-Driven Simulation_lib\javafx.web.jar" application.Main
Args length:	705/32768 chars
Exit code:	0


Version:	3.12
CmdLine:	C:\Users\Tan Chi Feng\Downloads\Event-Driven Simulation.exe --l4j-debug
WOW64:		yes
Working dir:	C:\Users\Tan Chi Feng\Downloads\.
Java min ver:	1.000.000
Java max ver:	
Bundled JRE:	C:\Program Files\Java\jre1.8.0_271\lib
Check launcher:	C:\Program Files\Java\jre1.8.0_271\lib\bin\javaw.exe (not found)
64-bit search:	SOFTWARE\JavaSoft\Java Runtime Environment...
32-bit search:	SOFTWARE\JavaSoft\Java Runtime Environment...
64-bit search:	SOFTWARE\JavaSoft\Java Development Kit...
32-bit search:	SOFTWARE\JavaSoft\Java Development Kit...
64-bit search:	SOFTWARE\JavaSoft\JRE...
32-bit search:	SOFTWARE\JavaSoft\JRE...
64-bit search:	SOFTWARE\JavaSoft\JDK...
Check:		SOFTWARE\JavaSoft\JDK\15.0.1
Check launcher:	C:\Program Files\Java\jdk-15.0.1\bin\javaw.exe (OK)
Match:		1.015.000_001
Runtime used:	1.015.000_001 (64-bit)
Main class:	application.Main
Add classpath:	C:\Users\Tan Chi Feng\Downloads\Event-Driven Simulation_lib\javafx-swt.jar
Add classpath:	C:\Users\Tan Chi Feng\Downloads\Event-Driven Simulation_lib\javafx.controls.jar
Add classpath:	C:\Users\Tan Chi Feng\Downloads\Event-Driven Simulation_lib\javafx.base.jar
Add classpath:	C:\Users\Tan Chi Feng\Downloads\Event-Driven Simulation_lib\javafx.fxml.jar
Add classpath:	C:\Users\Tan Chi Feng\Downloads\Event-Driven Simulation_lib\javafx.graphics.jar
Add classpath:	C:\Users\Tan Chi Feng\Downloads\Event-Driven Simulation_lib\javafx.,edoa.jar
Add classpath:	C:\Users\Tan Chi Feng\Downloads\Event-Driven Simulation_lib\javafx.swing.jar
Add classpath:	C:\Users\Tan Chi Feng\Downloads\Event-Driven Simulation_lib\javafx.web.jar
Launcher:	C:\Program Files\Java\jdk-15.0.1\bin\javaw.exe
Launcher args:	-classpath "C:\Users\Tan Chi Feng\Downloads\Event-Driven Simulation.exe;C:\Users\Tan Chi Feng\Downloads\Event-Driven Simulation_lib\javafx-swt.jar;C:\Users\Tan Chi Feng\Downloads\Event-Driven Simulation_lib\javafx.controls.jar;C:\Users\Tan Chi Feng\Downloads\Event-Driven Simulation_lib\javafx.base.jar;C:\Users\Tan Chi Feng\Downloads\Event-Driven Simulation_lib\javafx.fxml.jar;C:\Users\Tan Chi Feng\Downloads\Event-Driven Simulation_lib\javafx.graphics.jar;C:\Users\Tan Chi Feng\Downloads\Event-Driven Simulation_lib\javafx.,edoa.jar;C:\Users\Tan Chi Feng\Downloads\Event-Driven Simulation_lib\javafx.swing.jar;C:\Users\Tan Chi Feng\Downloads\Event-Driven Simulation_lib\javafx.web.jar" application.Main
Args length:	705/32768 chars
Exit code:	0


Version:	3.12
CmdLine:	C:\Users\Tan Chi Feng\Downloads\Event-Driven Simulation.exe --l4j-debug
WOW64:		yes
Working dir:	C:\Users\Tan Chi Feng\Downloads\.
Java min ver:	1.000.000
Java max ver:	
Bundled JRE:	C:\Program Files\Java\jre1.8.0_271\lib
Check launcher:	C:\Program Files\Java\jre1.8.0_271\lib\bin\javaw.exe (not found)
64-bit search:	SOFTWARE\JavaSoft\Java Runtime Environment...
32-bit search:	SOFTWARE\JavaSoft\Java Runtime Environment...
64-bit search:	SOFTWARE\JavaSoft\Java Development Kit...
32-bit search:	SOFTWARE\JavaSoft\Java Development Kit...
64-bit search:	SOFTWARE\JavaSoft\JRE...
32-bit search:	SOFTWARE\JavaSoft\JRE...
64-bit search:	SOFTWARE\JavaSoft\JDK...
Check:		SOFTWARE\JavaSoft\JDK\15.0.1
Check launcher:	C:\Program Files\Java\jdk-15.0.1\bin\javaw.exe (OK)
Match:		1.015.000_001
Runtime used:	1.015.000_001 (64-bit)
Main class:	application.Main
Add classpath:	C:\Users\Tan Chi Feng\Downloads\Event-Driven Simulation_lib\javafx-swt.jar
Add classpath:	C:\Users\Tan Chi Feng\Downloads\Event-Driven Simulation_lib\javafx.controls.jar
Add classpath:	C:\Users\Tan Chi Feng\Downloads\Event-Driven Simulation_lib\javafx.base.jar
Add classpath:	C:\Users\Tan Chi Feng\Downloads\Event-Driven Simulation_lib\javafx.fxml.jar
Add classpath:	C:\Users\Tan Chi Feng\Downloads\Event-Driven Simulation_lib\javafx.graphics.jar
Add classpath:	C:\Users\Tan Chi Feng\Downloads\Event-Driven Simulation_lib\javafx.,edoa.jar
Add classpath:	C:\Users\Tan Chi Feng\Downloads\Event-Driven Simulation_lib\javafx.swing.jar
Add classpath:	C:\Users\Tan Chi Feng\Downloads\Event-Driven Simulation_lib\javafx.web.jar
Launcher:	C:\Program Files\Java\jdk-15.0.1\bin\javaw.exe
Launcher args:	-classpath "C:\Users\Tan Chi Feng\Downloads\Event-Driven Simulation.exe;C:\Users\Tan Chi Feng\Downloads\Event-Driven Simulation_lib\javafx-swt.jar;C:\Users\Tan Chi Feng\Downloads\Event-Driven Simulation_lib\javafx.controls.jar;C:\Users\Tan Chi Feng\Downloads\Event-Driven Simulation_lib\javafx.base.jar;C:\Users\Tan Chi Feng\Downloads\Event-Driven Simulation_lib\javafx.fxml.jar;C:\Users\Tan Chi Feng\Downloads\Event-Driven Simulation_lib\javafx.graphics.jar;C:\Users\Tan Chi Feng\Downloads\Event-Driven Simulation_lib\javafx.,edoa.jar;C:\Users\Tan Chi Feng\Downloads\Event-Driven Simulation_lib\javafx.swing.jar;C:\Users\Tan Chi Feng\Downloads\Event-Driven Simulation_lib\javafx.web.jar" application.Main
Args length:	705/32768 chars
Exit code:	0


Version:	3.12
CmdLine:	C:\Users\Tan Chi Feng\Downloads\Event-Driven Simulation.exe --l4j-debug
WOW64:		yes
Working dir:	C:\Users\Tan Chi Feng\Downloads\.
Java min ver:	1.000.000
Java max ver:	
Bundled JRE:	C:\Program Files\Java\jre1.8.0_271\lib
Check launcher:	C:\Program Files\Java\jre1.8.0_271\lib\bin\javaw.exe (not found)
64-bit search:	SOFTWARE\JavaSoft\Java Runtime Environment...
32-bit search:	SOFTWARE\JavaSoft\Java Runtime Environment...
64-bit search:	SOFTWARE\JavaSoft\Java Development Kit...
32-bit search:	SOFTWARE\JavaSoft\Java Development Kit...
64-bit search:	SOFTWARE\JavaSoft\JRE...
32-bit search:	SOFTWARE\JavaSoft\JRE...
64-bit search:	SOFTWARE\JavaSoft\JDK...
Check:		SOFTWARE\JavaSoft\JDK\15.0.1
Check launcher:	C:\Program Files\Java\jdk-15.0.1\bin\javaw.exe (OK)
Match:		1.015.000_001
Runtime used:	1.015.000_001 (64-bit)
Main class:	application.Main
Add classpath:	C:\Users\Tan Chi Feng\Downloads\Event-Driven Simulation_lib\javafx-swt.jar
Add classpath:	C:\Users\Tan Chi Feng\Downloads\Event-Driven Simulation_lib\javafx.controls.jar
Add classpath:	C:\Users\Tan Chi Feng\Downloads\Event-Driven Simulation_lib\javafx.base.jar
Add classpath:	C:\Users\Tan Chi Feng\Downloads\Event-Driven Simulation_lib\javafx.fxml.jar
Add classpath:	C:\Users\Tan Chi Feng\Downloads\Event-Driven Simulation_lib\javafx.graphics.jar
Add classpath:	C:\Users\Tan Chi Feng\Downloads\Event-Driven Simulation_lib\javafx.,edoa.jar
Add classpath:	C:\Users\Tan Chi Feng\Downloads\Event-Driven Simulation_lib\javafx.swing.jar
Add classpath:	C:\Users\Tan Chi Feng\Downloads\Event-Driven Simulation_lib\javafx.web.jar
Launcher:	C:\Program Files\Java\jdk-15.0.1\bin\javaw.exe
Launcher args:	-classpath "C:\Users\Tan Chi Feng\Downloads\Event-Driven Simulation.exe;C:\Users\Tan Chi Feng\Downloads\Event-Driven Simulation_lib\javafx-swt.jar;C:\Users\Tan Chi Feng\Downloads\Event-Driven Simulation_lib\javafx.controls.jar;C:\Users\Tan Chi Feng\Downloads\Event-Driven Simulation_lib\javafx.base.jar;C:\Users\Tan Chi Feng\Downloads\Event-Driven Simulation_lib\javafx.fxml.jar;C:\Users\Tan Chi Feng\Downloads\Event-Driven Simulation_lib\javafx.graphics.jar;C:\Users\Tan Chi Feng\Downloads\Event-Driven Simulation_lib\javafx.,edoa.jar;C:\Users\Tan Chi Feng\Downloads\Event-Driven Simulation_lib\javafx.swing.jar;C:\Users\Tan Chi Feng\Downloads\Event-Driven Simulation_lib\javafx.web.jar" application.Main
Args length:	705/32768 chars
Exit code:	0


Version:	3.12
CmdLine:	C:\Users\Tan Chi Feng\Downloads\Event-Driven Simulation.exe --l4j-debug
WOW64:		yes
Working dir:	C:\Users\Tan Chi Feng\Downloads\.
Java min ver:	1.000.000
Java max ver:	
Bundled JRE:	C:\Program Files\Java\jre1.8.0_271\lib
Check launcher:	C:\Program Files\Java\jre1.8.0_271\lib\bin\javaw.exe (not found)
64-bit search:	SOFTWARE\JavaSoft\Java Runtime Environment...
32-bit search:	SOFTWARE\JavaSoft\Java Runtime Environment...
64-bit search:	SOFTWARE\JavaSoft\Java Development Kit...
32-bit search:	SOFTWARE\JavaSoft\Java Development Kit...
64-bit search:	SOFTWARE\JavaSoft\JRE...
32-bit search:	SOFTWARE\JavaSoft\JRE...
64-bit search:	SOFTWARE\JavaSoft\JDK...
Check:		SOFTWARE\JavaSoft\JDK\15.0.1
Check launcher:	C:\Program Files\Java\jdk-15.0.1\bin\javaw.exe (OK)
Match:		1.015.000_001
Runtime used:	1.015.000_001 (64-bit)
Main class:	application.Main
Add classpath:	C:\Users\Tan Chi Feng\Downloads\Event-Driven Simulation_lib\javafx-swt.jar
Add classpath:	C:\Users\Tan Chi Feng\Downloads\Event-Driven Simulation_lib\javafx.controls.jar
Add classpath:	C:\Users\Tan Chi Feng\Downloads\Event-Driven Simulation_lib\javafx.base.jar
Add classpath:	C:\Users\Tan Chi Feng\Downloads\Event-Driven Simulation_lib\javafx.fxml.jar
Add classpath:	C:\Users\Tan Chi Feng\Downloads\Event-Driven Simulation_lib\javafx.graphics.jar
Add classpath:	C:\Users\Tan Chi Feng\Downloads\Event-Driven Simulation_lib\javafx.,edoa.jar
Add classpath:	C:\Users\Tan Chi Feng\Downloads\Event-Driven Simulation_lib\javafx.swing.jar
Add classpath:	C:\Users\Tan Chi Feng\Downloads\Event-Driven Simulation_lib\javafx.web.jar
Launcher:	C:\Program Files\Java\jdk-15.0.1\bin\javaw.exe
Launcher args:	-classpath "C:\Users\Tan Chi Feng\Downloads\Event-Driven Simulation.exe;C:\Users\Tan Chi Feng\Downloads\Event-Driven Simulation_lib\javafx-swt.jar;C:\Users\Tan Chi Feng\Downloads\Event-Driven Simulation_lib\javafx.controls.jar;C:\Users\Tan Chi Feng\Downloads\Event-Driven Simulation_lib\javafx.base.jar;C:\Users\Tan Chi Feng\Downloads\Event-Driven Simulation_lib\javafx.fxml.jar;C:\Users\Tan Chi Feng\Downloads\Event-Driven Simulation_lib\javafx.graphics.jar;C:\Users\Tan Chi Feng\Downloads\Event-Driven Simulation_lib\javafx.,edoa.jar;C:\Users\Tan Chi Feng\Downloads\Event-Driven Simulation_lib\javafx.swing.jar;C:\Users\Tan Chi Feng\Downloads\Event-Driven Simulation_lib\javafx.web.jar" application.Main
Args length:	705/32768 chars
Exit code:	0


Version:	3.12
CmdLine:	C:\Users\Tan Chi Feng\Downloads\Event-Driven Simulation.exe --l4j-debug
WOW64:		yes
Working dir:	C:\Users\Tan Chi Feng\Downloads\.
Java min ver:	1.000.000
Java max ver:	
Bundled JRE:	C:\Program Files\Java\jre1.8.0_271\lib
Check launcher:	C:\Program Files\Java\jre1.8.0_271\lib\bin\javaw.exe (not found)
64-bit search:	SOFTWARE\JavaSoft\Java Runtime Environment...
32-bit search:	SOFTWARE\JavaSoft\Java Runtime Environment...
64-bit search:	SOFTWARE\JavaSoft\Java Development Kit...
32-bit search:	SOFTWARE\JavaSoft\Java Development Kit...
64-bit search:	SOFTWARE\JavaSoft\JRE...
32-bit search:	SOFTWARE\JavaSoft\JRE...
64-bit search:	SOFTWARE\JavaSoft\JDK...
Check:		SOFTWARE\JavaSoft\JDK\15.0.1
Check launcher:	C:\Program Files\Java\jdk-15.0.1\bin\javaw.exe (OK)
Match:		1.015.000_001
Runtime used:	1.015.000_001 (64-bit)
Main class:	application.Main
Add classpath:	C:\Users\Tan Chi Feng\Downloads\Event-Driven Simulation_lib\javafx-swt.jar
Add classpath:	C:\Users\Tan Chi Feng\Downloads\Event-Driven Simulation_lib\javafx.controls.jar
Add classpath:	C:\Users\Tan Chi Feng\Downloads\Event-Driven Simulation_lib\javafx.base.jar
Add classpath:	C:\Users\Tan Chi Feng\Downloads\Event-Driven Simulation_lib\javafx.fxml.jar
Add classpath:	C:\Users\Tan Chi Feng\Downloads\Event-Driven Simulation_lib\javafx.graphics.jar
Add classpath:	C:\Users\Tan Chi Feng\Downloads\Event-Driven Simulation_lib\javafx.,edoa.jar
Add classpath:	C:\Users\Tan Chi Feng\Downloads\Event-Driven Simulation_lib\javafx.swing.jar
Add classpath:	C:\Users\Tan Chi Feng\Downloads\Event-Driven Simulation_lib\javafx.web.jar
Launcher:	C:\Program Files\Java\jdk-15.0.1\bin\javaw.exe
Launcher args:	-classpath "C:\Users\Tan Chi Feng\Downloads\Event-Driven Simulation.exe;C:\Users\Tan Chi Feng\Downloads\Event-Driven Simulation_lib\javafx-swt.jar;C:\Users\Tan Chi Feng\Downloads\Event-Driven Simulation_lib\javafx.controls.jar;C:\Users\Tan Chi Feng\Downloads\Event-Driven Simulation_lib\javafx.base.jar;C:\Users\Tan Chi Feng\Downloads\Event-Driven Simulation_lib\javafx.fxml.jar;C:\Users\Tan Chi Feng\Downloads\Event-Driven Simulation_lib\javafx.graphics.jar;C:\Users\Tan Chi Feng\Downloads\Event-Driven Simulation_lib\javafx.,edoa.jar;C:\Users\Tan Chi Feng\Downloads\Event-Driven Simulation_lib\javafx.swing.jar;C:\Users\Tan Chi Feng\Downloads\Event-Driven Simulation_lib\javafx.web.jar" application.Main
Args length:	705/32768 chars
Exit code:	0


Version:	3.12
CmdLine:	C:\Users\Tan Chi Feng\Downloads\Event-Driven Simulation.exe --l4j-debug
WOW64:		yes
Working dir:	C:\Users\Tan Chi Feng\Downloads\.
Java min ver:	1.000.000
Java max ver:	
Bundled JRE:	C:\Program Files\Java\jre1.8.0_271\lib
Check launcher:	C:\Program Files\Java\jre1.8.0_271\lib\bin\javaw.exe (not found)
64-bit search:	SOFTWARE\JavaSoft\Java Runtime Environment...
32-bit search:	SOFTWARE\JavaSoft\Java Runtime Environment...
64-bit search:	SOFTWARE\JavaSoft\Java Development Kit...
32-bit search:	SOFTWARE\JavaSoft\Java Development Kit...
64-bit search:	SOFTWARE\JavaSoft\JRE...
32-bit search:	SOFTWARE\JavaSoft\JRE...
64-bit search:	SOFTWARE\JavaSoft\JDK...
Check:		SOFTWARE\JavaSoft\JDK\15.0.1
Check launcher:	C:\Program Files\Java\jdk-15.0.1\bin\javaw.exe (OK)
Match:		1.015.000_001
Runtime used:	1.015.000_001 (64-bit)
Main class:	application.Main
Add classpath:	C:\Users\Tan Chi Feng\Downloads\Event-Driven Simulation_lib\javafx-swt.jar
Add classpath:	C:\Users\Tan Chi Feng\Downloads\Event-Driven Simulation_lib\javafx.controls.jar
Add classpath:	C:\Users\Tan Chi Feng\Downloads\Event-Driven Simulation_lib\javafx.base.jar
Add classpath:	C:\Users\Tan Chi Feng\Downloads\Event-Driven Simulation_lib\javafx.fxml.jar
Add classpath:	C:\Users\Tan Chi Feng\Downloads\Event-Driven Simulation_lib\javafx.graphics.jar
Add classpath:	C:\Users\Tan Chi Feng\Downloads\Event-Driven Simulation_lib\javafx.,edoa.jar
Add classpath:	C:\Users\Tan Chi Feng\Downloads\Event-Driven Simulation_lib\javafx.swing.jar
Add classpath:	C:\Users\Tan Chi Feng\Downloads\Event-Driven Simulation_lib\javafx.web.jar
Launcher:	C:\Program Files\Java\jdk-15.0.1\bin\javaw.exe
Launcher args:	-classpath "C:\Users\Tan Chi Feng\Downloads\Event-Driven Simulation.exe;C:\Users\Tan Chi Feng\Downloads\Event-Driven Simulation_lib\javafx-swt.jar;C:\Users\Tan Chi Feng\Downloads\Event-Driven Simulation_lib\javafx.controls.jar;C:\Users\Tan Chi Feng\Downloads\Event-Driven Simulation_lib\javafx.base.jar;C:\Users\Tan Chi Feng\Downloads\Event-Driven Simulation_lib\javafx.fxml.jar;C:\Users\Tan Chi Feng\Downloads\Event-Driven Simulation_lib\javafx.graphics.jar;C:\Users\Tan Chi Feng\Downloads\Event-Driven Simulation_lib\javafx.,edoa.jar;C:\Users\Tan Chi Feng\Downloads\Event-Driven Simulation_lib\javafx.swing.jar;C:\Users\Tan Chi Feng\Downloads\Event-Driven Simulation_lib\javafx.web.jar" application.Main
Args length:	705/32768 chars
Exit code:	0


Version:	3.12
CmdLine:	C:\Users\Tan Chi Feng\Downloads\Event-Driven Simulation.exe --l4j-debug
WOW64:		yes
Working dir:	C:\Users\Tan Chi Feng\Downloads\.
Java min ver:	1.000.000
Java max ver:	
Bundled JRE:	C:\Program Files\Java\jre1.8.0_271\lib
Check launcher:	C:\Program Files\Java\jre1.8.0_271\lib\bin\javaw.exe (not found)
64-bit search:	SOFTWARE\JavaSoft\Java Runtime Environment...
32-bit search:	SOFTWARE\JavaSoft\Java Runtime Environment...
64-bit search:	SOFTWARE\JavaSoft\Java Development Kit...
32-bit search:	SOFTWARE\JavaSoft\Java Development Kit...
64-bit search:	SOFTWARE\JavaSoft\JRE...
32-bit search:	SOFTWARE\JavaSoft\JRE...
64-bit search:	SOFTWARE\JavaSoft\JDK...
Check:		SOFTWARE\JavaSoft\JDK\15.0.1
Check launcher:	C:\Program Files\Java\jdk-15.0.1\bin\javaw.exe (OK)
Match:		1.015.000_001
Runtime used:	1.015.000_001 (64-bit)
Main class:	application.Main
Add classpath:	C:\Users\Tan Chi Feng\Downloads\Event-Driven Simulation_lib\javafx-swt.jar
Add classpath:	C:\Users\Tan Chi Feng\Downloads\Event-Driven Simulation_lib\javafx.controls.jar
Add classpath:	C:\Users\Tan Chi Feng\Downloads\Event-Driven Simulation_lib\javafx.base.jar
Add classpath:	C:\Users\Tan Chi Feng\Downloads\Event-Driven Simulation_lib\javafx.fxml.jar
Add classpath:	C:\Users\Tan Chi Feng\Downloads\Event-Driven Simulation_lib\javafx.graphics.jar
Add classpath:	C:\Users\Tan Chi Feng\Downloads\Event-Driven Simulation_lib\javafx.,edoa.jar
Add classpath:	C:\Users\Tan Chi Feng\Downloads\Event-Driven Simulation_lib\javafx.swing.jar
Add classpath:	C:\Users\Tan Chi Feng\Downloads\Event-Driven Simulation_lib\javafx.web.jar
Launcher:	C:\Program Files\Java\jdk-15.0.1\bin\javaw.exe
Launcher args:	-classpath "C:\Users\Tan Chi Feng\Downloads\Event-Driven Simulation.exe;C:\Users\Tan Chi Feng\Downloads\Event-Driven Simulation_lib\javafx-swt.jar;C:\Users\Tan Chi Feng\Downloads\Event-Driven Simulation_lib\javafx.controls.jar;C:\Users\Tan Chi Feng\Downloads\Event-Driven Simulation_lib\javafx.base.jar;C:\Users\Tan Chi Feng\Downloads\Event-Driven Simulation_lib\javafx.fxml.jar;C:\Users\Tan Chi Feng\Downloads\Event-Driven Simulation_lib\javafx.graphics.jar;C:\Users\Tan Chi Feng\Downloads\Event-Driven Simulation_lib\javafx.,edoa.jar;C:\Users\Tan Chi Feng\Downloads\Event-Driven Simulation_lib\javafx.swing.jar;C:\Users\Tan Chi Feng\Downloads\Event-Driven Simulation_lib\javafx.web.jar" application.Main
Args length:	705/32768 chars
Exit code:	0


Version:	3.12
CmdLine:	C:\Users\Tan Chi Feng\Downloads\Event-Driven Simulation.exe --l4j-debug
WOW64:		yes
Working dir:	C:\Users\Tan Chi Feng\Downloads\.
Java min ver:	1.000.000
Java max ver:	
Bundled JRE:	C:\Program Files\Java\jre1.8.0_271\lib
Check launcher:	C:\Program Files\Java\jre1.8.0_271\lib\bin\javaw.exe (not found)
64-bit search:	SOFTWARE\JavaSoft\Java Runtime Environment...
32-bit search:	SOFTWARE\JavaSoft\Java Runtime Environment...
64-bit search:	SOFTWARE\JavaSoft\Java Development Kit...
32-bit search:	SOFTWARE\JavaSoft\Java Development Kit...
64-bit search:	SOFTWARE\JavaSoft\JRE...
32-bit search:	SOFTWARE\JavaSoft\JRE...
64-bit search:	SOFTWARE\JavaSoft\JDK...
Check:		SOFTWARE\JavaSoft\JDK\15.0.1
Check launcher:	C:\Program Files\Java\jdk-15.0.1\bin\javaw.exe (OK)
Match:		1.015.000_001
Runtime used:	1.015.000_001 (64-bit)
Main class:	application.Main
Add classpath:	C:\Users\Tan Chi Feng\Downloads\Event-Driven Simulation_lib\javafx-swt.jar
Add classpath:	C:\Users\Tan Chi Feng\Downloads\Event-Driven Simulation_lib\javafx.controls.jar
Add classpath:	C:\Users\Tan Chi Feng\Downloads\Event-Driven Simulation_lib\javafx.base.jar
Add classpath:	C:\Users\Tan Chi Feng\Downloads\Event-Driven Simulation_lib\javafx.fxml.jar
Add classpath:	C:\Users\Tan Chi Feng\Downloads\Event-Driven Simulation_lib\javafx.graphics.jar
Add classpath:	C:\Users\Tan Chi Feng\Downloads\Event-Driven Simulation_lib\javafx.,edoa.jar
Add classpath:	C:\Users\Tan Chi Feng\Downloads\Event-Driven Simulation_lib\javafx.swing.jar
Add classpath:	C:\Users\Tan Chi Feng\Downloads\Event-Driven Simulation_lib\javafx.web.jar
Launcher:	C:\Program Files\Java\jdk-15.0.1\bin\javaw.exe
Launcher args:	-classpath "C:\Users\Tan Chi Feng\Downloads\Event-Driven Simulation.exe;C:\Users\Tan Chi Feng\Downloads\Event-Driven Simulation_lib\javafx-swt.jar;C:\Users\Tan Chi Feng\Downloads\Event-Driven Simulation_lib\javafx.controls.jar;C:\Users\Tan Chi Feng\Downloads\Event-Driven Simulation_lib\javafx.base.jar;C:\Users\Tan Chi Feng\Downloads\Event-Driven Simulation_lib\javafx.fxml.jar;C:\Users\Tan Chi Feng\Downloads\Event-Driven Simulation_lib\javafx.graphics.jar;C:\Users\Tan Chi Feng\Downloads\Event-Driven Simulation_lib\javafx.,edoa.jar;C:\Users\Tan Chi Feng\Downloads\Event-Driven Simulation_lib\javafx.swing.jar;C:\Users\Tan Chi Feng\Downloads\Event-Driven Simulation_lib\javafx.web.jar" application.Main
Args length:	705/32768 chars
Exit code:	0


Version:	3.12
CmdLine:	C:\Users\Tan Chi Feng\Downloads\Event-Driven Simulation.exe --l4j-debug
WOW64:		yes
Working dir:	C:\Users\Tan Chi Feng\Downloads\.
Java min ver:	1.000.000
Java max ver:	
Bundled JRE:	C:\Program Files\Java\jre1.8.0_271\lib
Check launcher:	C:\Program Files\Java\jre1.8.0_271\lib\bin\javaw.exe (not found)
64-bit search:	SOFTWARE\JavaSoft\Java Runtime Environment...
32-bit search:	SOFTWARE\JavaSoft\Java Runtime Environment...
64-bit search:	SOFTWARE\JavaSoft\Java Development Kit...
32-bit search:	SOFTWARE\JavaSoft\Java Development Kit...
64-bit search:	SOFTWARE\JavaSoft\JRE...
32-bit search:	SOFTWARE\JavaSoft\JRE...
64-bit search:	SOFTWARE\JavaSoft\JDK...
Check:		SOFTWARE\JavaSoft\JDK\15.0.1
Check launcher:	C:\Program Files\Java\jdk-15.0.1\bin\javaw.exe (OK)
Match:		1.015.000_001
Runtime used:	1.015.000_001 (64-bit)
Main class:	application.Main
Add classpath:	C:\Users\Tan Chi Feng\Downloads\Event-Driven Simulation_lib\javafx-swt.jar
Add classpath:	C:\Users\Tan Chi Feng\Downloads\Event-Driven Simulation_lib\javafx.controls.jar
Add classpath:	C:\Users\Tan Chi Feng\Downloads\Event-Driven Simulation_lib\javafx.base.jar
Add classpath:	C:\Users\Tan Chi Feng\Downloads\Event-Driven Simulation_lib\javafx.fxml.jar
Add classpath:	C:\Users\Tan Chi Feng\Downloads\Event-Driven Simulation_lib\javafx.graphics.jar
Add classpath:	C:\Users\Tan Chi Feng\Downloads\Event-Driven Simulation_lib\javafx.,edoa.jar
Add classpath:	C:\Users\Tan Chi Feng\Downloads\Event-Driven Simulation_lib\javafx.swing.jar
Add classpath:	C:\Users\Tan Chi Feng\Downloads\Event-Driven Simulation_lib\javafx.web.jar
Launcher:	C:\Program Files\Java\jdk-15.0.1\bin\javaw.exe
Launcher args:	-classpath "C:\Users\Tan Chi Feng\Downloads\Event-Driven Simulation.exe;C:\Users\Tan Chi Feng\Downloads\Event-Driven Simulation_lib\javafx-swt.jar;C:\Users\Tan Chi Feng\Downloads\Event-Driven Simulation_lib\javafx.controls.jar;C:\Users\Tan Chi Feng\Downloads\Event-Driven Simulation_lib\javafx.base.jar;C:\Users\Tan Chi Feng\Downloads\Event-Driven Simulation_lib\javafx.fxml.jar;C:\Users\Tan Chi Feng\Downloads\Event-Driven Simulation_lib\javafx.graphics.jar;C:\Users\Tan Chi Feng\Downloads\Event-Driven Simulation_lib\javafx.,edoa.jar;C:\Users\Tan Chi Feng\Downloads\Event-Driven Simulation_lib\javafx.swing.jar;C:\Users\Tan Chi Feng\Downloads\Event-Driven Simulation_lib\javafx.web.jar" application.Main
Args length:	705/32768 chars
Exit code:	0


Version:	3.12
CmdLine:	C:\Users\Tan Chi Feng\Downloads\Event-Driven Simulation.exe --l4j-debug
WOW64:		yes
Working dir:	C:\Users\Tan Chi Feng\Downloads\.
Java min ver:	1.000.000
Java max ver:	
Bundled JRE:	C:\Program Files\Java\jre1.8.0_271\lib
Check launcher:	C:\Program Files\Java\jre1.8.0_271\lib\bin\javaw.exe (not found)
64-bit search:	SOFTWARE\JavaSoft\Java Runtime Environment...
32-bit search:	SOFTWARE\JavaSoft\Java Runtime Environment...
64-bit search:	SOFTWARE\JavaSoft\Java Development Kit...
32-bit search:	SOFTWARE\JavaSoft\Java Development Kit...
64-bit search:	SOFTWARE\JavaSoft\JRE...
32-bit search:	SOFTWARE\JavaSoft\JRE...
64-bit search:	SOFTWARE\JavaSoft\JDK...
Check:		SOFTWARE\JavaSoft\JDK\15.0.1
Check launcher:	C:\Program Files\Java\jdk-15.0.1\bin\javaw.exe (OK)
Match:		1.015.000_001
Runtime used:	1.015.000_001 (64-bit)
Main class:	application.Main
Add classpath:	C:\Users\Tan Chi Feng\Downloads\Event-Driven Simulation_lib\javafx-swt.jar
Add classpath:	C:\Users\Tan Chi Feng\Downloads\Event-Driven Simulation_lib\javafx.controls.jar
Add classpath:	C:\Users\Tan Chi Feng\Downloads\Event-Driven Simulation_lib\javafx.base.jar
Add classpath:	C:\Users\Tan Chi Feng\Downloads\Event-Driven Simulation_lib\javafx.fxml.jar
Add classpath:	C:\Users\Tan Chi Feng\Downloads\Event-Driven Simulation_lib\javafx.graphics.jar
Add classpath:	C:\Users\Tan Chi Feng\Downloads\Event-Driven Simulation_lib\javafx.,edoa.jar
Add classpath:	C:\Users\Tan Chi Feng\Downloads\Event-Driven Simulation_lib\javafx.swing.jar
Add classpath:	C:\Users\Tan Chi Feng\Downloads\Event-Driven Simulation_lib\javafx.web.jar
Launcher:	C:\Program Files\Java\jdk-15.0.1\bin\javaw.exe
Launcher args:	-classpath "C:\Users\Tan Chi Feng\Downloads\Event-Driven Simulation.exe;C:\Users\Tan Chi Feng\Downloads\Event-Driven Simulation_lib\javafx-swt.jar;C:\Users\Tan Chi Feng\Downloads\Event-Driven Simulation_lib\javafx.controls.jar;C:\Users\Tan Chi Feng\Downloads\Event-Driven Simulation_lib\javafx.base.jar;C:\Users\Tan Chi Feng\Downloads\Event-Driven Simulation_lib\javafx.fxml.jar;C:\Users\Tan Chi Feng\Downloads\Event-Driven Simulation_lib\javafx.graphics.jar;C:\Users\Tan Chi Feng\Downloads\Event-Driven Simulation_lib\javafx.,edoa.jar;C:\Users\Tan Chi Feng\Downloads\Event-Driven Simulation_lib\javafx.swing.jar;C:\Users\Tan Chi Feng\Downloads\Event-Driven Simulation_lib\javafx.web.jar" application.Main
Args length:	705/32768 chars
Exit code:	0


Version:	3.12
CmdLine:	C:\Users\Tan Chi Feng\Downloads\Event-Driven Simulation.exe --l4j-debug
WOW64:		yes
Working dir:	C:\Users\Tan Chi Feng\Downloads\.
Java min ver:	1.000.000
Java max ver:	
Bundled JRE:	C:\Program Files\Java\jre1.8.0_271\lib
Check launcher:	C:\Program Files\Java\jre1.8.0_271\lib\bin\javaw.exe (not found)
64-bit search:	SOFTWARE\JavaSoft\Java Runtime Environment...
32-bit search:	SOFTWARE\JavaSoft\Java Runtime Environment...
64-bit search:	SOFTWARE\JavaSoft\Java Development Kit...
32-bit search:	SOFTWARE\JavaSoft\Java Development Kit...
64-bit search:	SOFTWARE\JavaSoft\JRE...
32-bit search:	SOFTWARE\JavaSoft\JRE...
64-bit search:	SOFTWARE\JavaSoft\JDK...
Check:		SOFTWARE\JavaSoft\JDK\15.0.1
Check launcher:	C:\Program Files\Java\jdk-15.0.1\bin\javaw.exe (OK)
Match:		1.015.000_001
Runtime used:	1.015.000_001 (64-bit)
Main class:	application.Main
Add classpath:	C:\Users\Tan Chi Feng\Downloads\Event-Driven Simulation_lib\javafx-swt.jar
Add classpath:	C:\Users\Tan Chi Feng\Downloads\Event-Driven Simulation_lib\javafx.controls.jar
Add classpath:	C:\Users\Tan Chi Feng\Downloads\Event-Driven Simulation_lib\javafx.base.jar
Add classpath:	C:\Users\Tan Chi Feng\Downloads\Event-Driven Simulation_lib\javafx.fxml.jar
Add classpath:	C:\Users\Tan Chi Feng\Downloads\Event-Driven Simulation_lib\javafx.graphics.jar
Add classpath:	C:\Users\Tan Chi Feng\Downloads\Event-Driven Simulation_lib\javafx.,edoa.jar
Add classpath:	C:\Users\Tan Chi Feng\Downloads\Event-Driven Simulation_lib\javafx.swing.jar
Add classpath:	C:\Users\Tan Chi Feng\Downloads\Event-Driven Simulation_lib\javafx.web.jar
Launcher:	C:\Program Files\Java\jdk-15.0.1\bin\javaw.exe
Launcher args:	-classpath "C:\Users\Tan Chi Feng\Downloads\Event-Driven Simulation.exe;C:\Users\Tan Chi Feng\Downloads\Event-Driven Simulation_lib\javafx-swt.jar;C:\Users\Tan Chi Feng\Downloads\Event-Driven Simulation_lib\javafx.controls.jar;C:\Users\Tan Chi Feng\Downloads\Event-Driven Simulation_lib\javafx.base.jar;C:\Users\Tan Chi Feng\Downloads\Event-Driven Simulation_lib\javafx.fxml.jar;C:\Users\Tan Chi Feng\Downloads\Event-Driven Simulation_lib\javafx.graphics.jar;C:\Users\Tan Chi Feng\Downloads\Event-Driven Simulation_lib\javafx.,edoa.jar;C:\Users\Tan Chi Feng\Downloads\Event-Driven Simulation_lib\javafx.swing.jar;C:\Users\Tan Chi Feng\Downloads\Event-Driven Simulation_lib\javafx.web.jar" application.Main
Args length:	705/32768 chars
Exit code:	0


Version:	3.12
CmdLine:	C:\Users\Tan Chi Feng\Downloads\Event-Driven Simulation.exe --l4j-debug
WOW64:		yes
Working dir:	C:\Users\Tan Chi Feng\Downloads\.
Java min ver:	1.000.000
Java max ver:	
Bundled JRE:	C:\Program Files\Java\jre1.8.0_271\lib
Check launcher:	C:\Program Files\Java\jre1.8.0_271\lib\bin\javaw.exe (not found)
64-bit search:	SOFTWARE\JavaSoft\Java Runtime Environment...
32-bit search:	SOFTWARE\JavaSoft\Java Runtime Environment...
64-bit search:	SOFTWARE\JavaSoft\Java Development Kit...
32-bit search:	SOFTWARE\JavaSoft\Java Development Kit...
64-bit search:	SOFTWARE\JavaSoft\JRE...
32-bit search:	SOFTWARE\JavaSoft\JRE...
64-bit search:	SOFTWARE\JavaSoft\JDK...
Check:		SOFTWARE\JavaSoft\JDK\15.0.1
Check launcher:	C:\Program Files\Java\jdk-15.0.1\bin\javaw.exe (OK)
Match:		1.015.000_001
Runtime used:	1.015.000_001 (64-bit)
Main class:	application.Main
Add classpath:	C:\Users\Tan Chi Feng\Downloads\Event-Driven Simulation_lib\javafx-swt.jar
Add classpath:	C:\Users\Tan Chi Feng\Downloads\Event-Driven Simulation_lib\javafx.controls.jar
Add classpath:	C:\Users\Tan Chi Feng\Downloads\Event-Driven Simulation_lib\javafx.base.jar
Add classpath:	C:\Users\Tan Chi Feng\Downloads\Event-Driven Simulation_lib\javafx.fxml.jar
Add classpath:	C:\Users\Tan Chi Feng\Downloads\Event-Driven Simulation_lib\javafx.graphics.jar
Add classpath:	C:\Users\Tan Chi Feng\Downloads\Event-Driven Simulation_lib\javafx.,edoa.jar
Add classpath:	C:\Users\Tan Chi Feng\Downloads\Event-Driven Simulation_lib\javafx.swing.jar
Add classpath:	C:\Users\Tan Chi Feng\Downloads\Event-Driven Simulation_lib\javafx.web.jar
Launcher:	C:\Program Files\Java\jdk-15.0.1\bin\javaw.exe
Launcher args:	-classpath "C:\Users\Tan Chi Feng\Downloads\Event-Driven Simulation.exe;C:\Users\Tan Chi Feng\Downloads\Event-Driven Simulation_lib\javafx-swt.jar;C:\Users\Tan Chi Feng\Downloads\Event-Driven Simulation_lib\javafx.controls.jar;C:\Users\Tan Chi Feng\Downloads\Event-Driven Simulation_lib\javafx.base.jar;C:\Users\Tan Chi Feng\Downloads\Event-Driven Simulation_lib\javafx.fxml.jar;C:\Users\Tan Chi Feng\Downloads\Event-Driven Simulation_lib\javafx.graphics.jar;C:\Users\Tan Chi Feng\Downloads\Event-Driven Simulation_lib\javafx.,edoa.jar;C:\Users\Tan Chi Feng\Downloads\Event-Driven Simulation_lib\javafx.swing.jar;C:\Users\Tan Chi Feng\Downloads\Event-Driven Simulation_lib\javafx.web.jar" application.Main
Args length:	705/32768 chars
Exit code:	0


Version:	3.12
CmdLine:	C:\Users\Tan Chi Feng\eclipse-workspace\CSE 232 Assignment\Event-Driven Simulation.exe --l4j-debug
WOW64:		yes
Working dir:	C:\Users\Tan Chi Feng\eclipse-workspace\CSE 232 Assignment\.
Java min ver:	
Java max ver:	
Bundled JRE:	jre1.8.0_271
Check launcher:	C:\Users\Tan Chi Feng\eclipse-workspace\CSE 232 Assignment\jre1.8.0_271\bin\javaw.exe (not found)
Error msg:	This application was configured to use a bundled Java Runtime Environment but the runtime is missing or corrupted.


Version:	3.12
CmdLine:	C:\Users\Tan Chi Feng\eclipse-workspace\CSE 232 Assignment\Event-Driven Simulation.exe --l4j-debug
WOW64:		yes
Working dir:	C:\Users\Tan Chi Feng\eclipse-workspace\CSE 232 Assignment\.
Java min ver:	
Java max ver:	
Bundled JRE:	jre1.8.0_271
Check launcher:	C:\Users\Tan Chi Feng\eclipse-workspace\CSE 232 Assignment\jre1.8.0_271\bin\javaw.exe (not found)
Error msg:	This application was configured to use a bundled Java Runtime Environment but the runtime is missing or corrupted.


Version:	3.12
CmdLine:	C:\Users\Tan Chi Feng\eclipse-workspace\CSE 232 Assignment\Event-Driven Simulation.exe --l4j-debug
WOW64:		yes
Working dir:	C:\Users\Tan Chi Feng\eclipse-workspace\CSE 232 Assignment\.
Java min ver:	
Java max ver:	
Bundled JRE:	jre1.8.0_271
Check launcher:	C:\Users\Tan Chi Feng\eclipse-workspace\CSE 232 Assignment\jre1.8.0_271\bin\javaw.exe (not found)
Error msg:	This application was configured to use a bundled Java Runtime Environment but the runtime is missing or corrupted.


Version:	3.12
CmdLine:	C:\Users\Tan Chi Feng\eclipse-workspace\CSE 232 Assignment\Event-Driven Simulation.exe --l4j-debug
WOW64:		yes
Working dir:	C:\Users\Tan Chi Feng\eclipse-workspace\CSE 232 Assignment\.
Java min ver:	
Java max ver:	
Bundled JRE:	jre1.8.0_271
Check launcher:	C:\Users\Tan Chi Feng\eclipse-workspace\CSE 232 Assignment\jre1.8.0_271\bin\javaw.exe (not found)
Error msg:	This application was configured to use a bundled Java Runtime Environment but the runtime is missing or corrupted.


Version:	3.12
CmdLine:	C:\Users\Tan Chi Feng\eclipse-workspace\CSE 232 Assignment\Event-Driven Simulation.exe --l4j-debug
WOW64:		yes
Working dir:	C:\Users\Tan Chi Feng\eclipse-workspace\CSE 232 Assignment\.
Java min ver:	1.008.000
Java max ver:	
Bundled JRE:	bin\jre1.8.0_271
Check launcher:	C:\Users\Tan Chi Feng\eclipse-workspace\CSE 232 Assignment\bin\jre1.8.0_271\bin\javaw.exe (OK)
Launcher:	C:\Users\Tan Chi Feng\eclipse-workspace\CSE 232 Assignment\bin\jre1.8.0_271\bin\javaw.exe
Launcher args:	-jar "C:\Users\Tan Chi Feng\eclipse-workspace\CSE 232 Assignment\Event-Driven Simulation.exe"
Args length:	93/32768 chars
Exit code:	0


Version:	3.12
CmdLine:	C:\Users\Tan Chi Feng\eclipse-workspace\CSE 232 Assignment\Event-Driven Simulation.exe --l4j-debug
WOW64:		yes
Working dir:	C:\Users\Tan Chi Feng\eclipse-workspace\CSE 232 Assignment\.
Java min ver:	1.008.000
Java max ver:	
Bundled JRE:	bin\jre1.8.0_271
Check launcher:	C:\Users\Tan Chi Feng\eclipse-workspace\CSE 232 Assignment\bin\jre1.8.0_271\bin\javaw.exe (OK)
Launcher:	C:\Users\Tan Chi Feng\eclipse-workspace\CSE 232 Assignment\bin\jre1.8.0_271\bin\javaw.exe
Launcher args:	-jar "C:\Users\Tan Chi Feng\eclipse-workspace\CSE 232 Assignment\Event-Driven Simulation.exe"
Args length:	93/32768 chars
Exit code:	0
